2025-02-18 08:07:01 DEBUG TestNG:82 - suiteXmlPath: "/Users/kavitha/Downloads/NinjaV5/testng.xml"
2025-02-18 08:07:02 INFO  Utils:112 - [TestNG] Running:
  /Users/kavitha/Downloads/NinjaV5/testng.xml

2025-02-18 08:07:02 INFO  BaseClass:46 - Starting Test Execution - OS: mac, Browser: edge
2025-02-18 08:07:02 INFO  BaseClass:46 - Starting Test Execution - OS: mac, Browser: firefox
2025-02-18 08:07:02 DEBUG BaseClass:53 - Successfully loaded config.properties file.
2025-02-18 08:07:02 DEBUG BaseClass:53 - Successfully loaded config.properties file.
2025-02-18 08:07:02 INFO  BaseClass:46 - Starting Test Execution - OS: mac, Browser: chrome
2025-02-18 08:07:02 DEBUG BaseClass:53 - Successfully loaded config.properties file.
2025-02-18 08:07:12 DEBUG BaseClass:116 - WebDriver instance set successfully.
2025-02-18 08:07:12 DEBUG BaseClass:116 - WebDriver instance set successfully.
2025-02-18 08:07:13 INFO  BaseClass:124 - Successfully launched application URL: https://tutorialsninja.com/demo/
2025-02-18 08:07:13 INFO  TC01_LaunchApplication:18 - Starting test: testLaunchApplication
2025-02-18 08:07:13 DEBUG TC01_LaunchApplication:26 - Navigating to HomePage
2025-02-18 08:07:13 DEBUG TC01_LaunchApplication:29 - Verifying homepage confirmation message.
2025-02-18 08:07:15 INFO  TC01_LaunchApplication:31 - Received homepage confirmation message: Qafox.com
2025-02-18 08:07:15 INFO  TC01_LaunchApplication:35 - Homepage confirmation message matched expected value.
2025-02-18 08:07:15 INFO  TC01_LaunchApplication:46 - Test execution completed: testLaunchApplication
2025-02-18 08:07:15 INFO  BaseClass:136 - Closing browser...
2025-02-18 08:07:15 INFO  BaseClass:124 - Successfully launched application URL: https://tutorialsninja.com/demo/
2025-02-18 08:07:15 INFO  TC01_LaunchApplication:18 - Starting test: testLaunchApplication
2025-02-18 08:07:15 DEBUG TC01_LaunchApplication:26 - Navigating to HomePage
2025-02-18 08:07:15 DEBUG TC01_LaunchApplication:29 - Verifying homepage confirmation message.
2025-02-18 08:07:16 INFO  TC01_LaunchApplication:31 - Received homepage confirmation message: Qafox.com
2025-02-18 08:07:16 INFO  TC01_LaunchApplication:35 - Homepage confirmation message matched expected value.
2025-02-18 08:07:16 INFO  TC01_LaunchApplication:46 - Test execution completed: testLaunchApplication
2025-02-18 08:07:16 INFO  BaseClass:136 - Closing browser...
2025-02-18 08:07:16 INFO  BaseClass:139 - Browser closed and WebDriver instance removed.
2025-02-18 08:07:16 INFO  BaseClass:46 - Starting Test Execution - OS: mac, Browser: chrome
2025-02-18 08:07:16 DEBUG BaseClass:53 - Successfully loaded config.properties file.
2025-02-18 08:07:17 DEBUG BaseClass:116 - WebDriver instance set successfully.
2025-02-18 08:07:17 INFO  BaseClass:139 - Browser closed and WebDriver instance removed.
2025-02-18 08:07:17 INFO  BaseClass:46 - Starting Test Execution - OS: mac, Browser: edge
2025-02-18 08:07:17 DEBUG BaseClass:53 - Successfully loaded config.properties file.
2025-02-18 08:07:20 DEBUG BaseClass:116 - WebDriver instance set successfully.
2025-02-18 08:07:22 INFO  BaseClass:124 - Successfully launched application URL: https://tutorialsninja.com/demo/
2025-02-18 08:07:22 INFO  TC01_LaunchApplication:18 - Starting test: testLaunchApplication
2025-02-18 08:07:22 DEBUG TC01_LaunchApplication:26 - Navigating to HomePage
2025-02-18 08:07:22 DEBUG TC01_LaunchApplication:29 - Verifying homepage confirmation message.
2025-02-18 08:07:22 INFO  TC01_LaunchApplication:31 - Received homepage confirmation message: Qafox.com
2025-02-18 08:07:22 INFO  TC01_LaunchApplication:35 - Homepage confirmation message matched expected value.
2025-02-18 08:07:22 INFO  TC01_LaunchApplication:46 - Test execution completed: testLaunchApplication
2025-02-18 08:07:22 INFO  BaseClass:136 - Closing browser...
2025-02-18 08:07:22 DEBUG BaseClass:116 - WebDriver instance set successfully.
2025-02-18 08:07:24 INFO  BaseClass:139 - Browser closed and WebDriver instance removed.
2025-02-18 08:07:24 INFO  BaseClass:46 - Starting Test Execution - OS: mac, Browser: firefox
2025-02-18 08:07:24 DEBUG BaseClass:53 - Successfully loaded config.properties file.
2025-02-18 08:07:25 INFO  BaseClass:124 - Successfully launched application URL: https://tutorialsninja.com/demo/
2025-02-18 08:07:25 INFO  TC06_PurchaseAGiftCertificate:18 - Starting test: testPurchaseAGiftCertificate
2025-02-18 08:07:25 DEBUG TC06_PurchaseAGiftCertificate:26 - Navigating to HomePage and clicking Gift Certificate link.
2025-02-18 08:07:26 DEBUG TC06_PurchaseAGiftCertificate:30 - Filling out gift certificate details.
2025-02-18 08:07:29 DEBUG TC06_PurchaseAGiftCertificate:38 - Verifying purchase confirmation message.
2025-02-18 08:07:29 INFO  TC06_PurchaseAGiftCertificate:40 - Purchase success message status: true
2025-02-18 08:07:29 INFO  TC06_PurchaseAGiftCertificate:44 - Gift certificate successfully purchased.
2025-02-18 08:07:29 INFO  TC06_PurchaseAGiftCertificate:55 - Test execution completed: testPurchaseAGiftCertificate
2025-02-18 08:07:29 INFO  BaseClass:136 - Closing browser...
2025-02-18 08:07:29 INFO  BaseClass:139 - Browser closed and WebDriver instance removed.
2025-02-18 08:07:29 INFO  BaseClass:46 - Starting Test Execution - OS: mac, Browser: chrome
2025-02-18 08:07:29 DEBUG BaseClass:53 - Successfully loaded config.properties file.
2025-02-18 08:07:32 INFO  BaseClass:124 - Successfully launched application URL: https://tutorialsninja.com/demo/
2025-02-18 08:07:32 INFO  TC06_PurchaseAGiftCertificate:18 - Starting test: testPurchaseAGiftCertificate
2025-02-18 08:07:32 DEBUG TC06_PurchaseAGiftCertificate:26 - Navigating to HomePage and clicking Gift Certificate link.
2025-02-18 08:07:33 DEBUG TC06_PurchaseAGiftCertificate:30 - Filling out gift certificate details.
2025-02-18 08:07:33 DEBUG BaseClass:116 - WebDriver instance set successfully.
2025-02-18 08:07:35 DEBUG BaseClass:116 - WebDriver instance set successfully.
2025-02-18 08:07:36 DEBUG TC06_PurchaseAGiftCertificate:38 - Verifying purchase confirmation message.
2025-02-18 08:07:36 INFO  TC06_PurchaseAGiftCertificate:40 - Purchase success message status: true
2025-02-18 08:07:36 INFO  TC06_PurchaseAGiftCertificate:44 - Gift certificate successfully purchased.
2025-02-18 08:07:36 INFO  TC06_PurchaseAGiftCertificate:55 - Test execution completed: testPurchaseAGiftCertificate
2025-02-18 08:07:36 INFO  BaseClass:136 - Closing browser...
2025-02-18 08:07:37 INFO  BaseClass:124 - Successfully launched application URL: https://tutorialsninja.com/demo/
2025-02-18 08:07:37 INFO  TC06_PurchaseAGiftCertificate:18 - Starting test: testPurchaseAGiftCertificate
2025-02-18 08:07:37 DEBUG TC06_PurchaseAGiftCertificate:26 - Navigating to HomePage and clicking Gift Certificate link.
2025-02-18 08:07:38 INFO  BaseClass:139 - Browser closed and WebDriver instance removed.
2025-02-18 08:07:38 INFO  BaseClass:46 - Starting Test Execution - OS: mac, Browser: edge
2025-02-18 08:07:38 DEBUG BaseClass:53 - Successfully loaded config.properties file.
2025-02-18 08:07:38 DEBUG TC06_PurchaseAGiftCertificate:30 - Filling out gift certificate details.
2025-02-18 08:07:39 INFO  BaseClass:124 - Successfully launched application URL: https://tutorialsninja.com/demo/
2025-02-18 08:07:39 INFO  TC03_AddToCart:19 - Starting test: testAddToCart
2025-02-18 08:07:39 DEBUG TC03_AddToCart:27 - Navigating to HomePage and selecting Laptops & Notebooks category.
2025-02-18 08:07:40 DEBUG TC03_AddToCart:31 - Selecting a product from the category.
2025-02-18 08:07:41 DEBUG TC06_PurchaseAGiftCertificate:38 - Verifying purchase confirmation message.
2025-02-18 08:07:41 INFO  TC06_PurchaseAGiftCertificate:40 - Purchase success message status: true
2025-02-18 08:07:41 INFO  TC06_PurchaseAGiftCertificate:44 - Gift certificate successfully purchased.
2025-02-18 08:07:41 INFO  TC06_PurchaseAGiftCertificate:55 - Test execution completed: testPurchaseAGiftCertificate
2025-02-18 08:07:41 INFO  BaseClass:136 - Closing browser...
2025-02-18 08:07:42 DEBUG TC03_AddToCart:35 - Setting up delivery date and adding product to cart.
2025-02-18 08:07:42 DEBUG BaseClass:116 - WebDriver instance set successfully.
2025-02-18 08:07:43 DEBUG TC03_AddToCart:40 - Validating success message.
2025-02-18 08:07:43 INFO  TC03_AddToCart:42 - Success message status: true
2025-02-18 08:07:43 INFO  TC03_AddToCart:46 - Product successfully added to cart.
2025-02-18 08:07:43 INFO  TC03_AddToCart:57 - Test execution completed: testAddToCart
2025-02-18 08:07:43 INFO  BaseClass:136 - Closing browser...
2025-02-18 08:07:44 INFO  BaseClass:124 - Successfully launched application URL: https://tutorialsninja.com/demo/
2025-02-18 08:07:44 INFO  TC03_AddToCart:19 - Starting test: testAddToCart
2025-02-18 08:07:44 DEBUG TC03_AddToCart:27 - Navigating to HomePage and selecting Laptops & Notebooks category.
2025-02-18 08:07:44 INFO  BaseClass:139 - Browser closed and WebDriver instance removed.
2025-02-18 08:07:44 INFO  BaseClass:46 - Starting Test Execution - OS: mac, Browser: chrome
2025-02-18 08:07:44 DEBUG BaseClass:53 - Successfully loaded config.properties file.
2025-02-18 08:07:44 INFO  BaseClass:139 - Browser closed and WebDriver instance removed.
2025-02-18 08:07:44 INFO  BaseClass:46 - Starting Test Execution - OS: mac, Browser: firefox
2025-02-18 08:07:44 DEBUG BaseClass:53 - Successfully loaded config.properties file.
2025-02-18 08:07:47 DEBUG BaseClass:116 - WebDriver instance set successfully.
2025-02-18 08:07:48 DEBUG TC03_AddToCart:31 - Selecting a product from the category.
2025-02-18 08:07:49 DEBUG TC03_AddToCart:35 - Setting up delivery date and adding product to cart.
2025-02-18 08:07:50 DEBUG TC03_AddToCart:40 - Validating success message.
2025-02-18 08:07:50 INFO  TC03_AddToCart:42 - Success message status: true
2025-02-18 08:07:50 INFO  TC03_AddToCart:46 - Product successfully added to cart.
2025-02-18 08:07:50 INFO  TC03_AddToCart:57 - Test execution completed: testAddToCart
2025-02-18 08:07:50 INFO  BaseClass:136 - Closing browser...
2025-02-18 08:07:51 INFO  BaseClass:124 - Successfully launched application URL: https://tutorialsninja.com/demo/
2025-02-18 08:07:52 INFO  BaseClass:158 - Screenshot captured: /Users/kavitha/Downloads/NinjaV5//screenshots//testLogin_20250218080751.png
2025-02-18 08:07:52 INFO  BaseClass:136 - Closing browser...
2025-02-18 08:07:52 INFO  BaseClass:139 - Browser closed and WebDriver instance removed.
2025-02-18 08:07:52 INFO  BaseClass:46 - Starting Test Execution - OS: mac, Browser: edge
2025-02-18 08:07:52 DEBUG BaseClass:53 - Successfully loaded config.properties file.
2025-02-18 08:07:52 INFO  BaseClass:139 - Browser closed and WebDriver instance removed.
2025-02-18 08:07:52 INFO  BaseClass:46 - Starting Test Execution - OS: mac, Browser: chrome
2025-02-18 08:07:52 DEBUG BaseClass:53 - Successfully loaded config.properties file.
2025-02-18 08:07:57 DEBUG BaseClass:116 - WebDriver instance set successfully.
2025-02-18 08:07:57 DEBUG BaseClass:116 - WebDriver instance set successfully.
2025-02-18 08:07:57 DEBUG BaseClass:116 - WebDriver instance set successfully.
2025-02-18 08:07:59 INFO  BaseClass:124 - Successfully launched application URL: https://tutorialsninja.com/demo/
2025-02-18 08:07:59 INFO  TC05_AddAnItemToWishList:19 - Starting test: testAddToWishList
2025-02-18 08:07:59 DEBUG TC05_AddAnItemToWishList:27 - Navigating to HomePage and selecting Laptops & Notebooks category.
2025-02-18 08:08:00 INFO  BaseClass:124 - Successfully launched application URL: https://tutorialsninja.com/demo/
2025-02-18 08:08:00 INFO  BaseClass:124 - Successfully launched application URL: https://tutorialsninja.com/demo/
2025-02-18 08:08:00 INFO  TC03_AddToCart:19 - Starting test: testAddToCart
2025-02-18 08:08:00 DEBUG TC03_AddToCart:27 - Navigating to HomePage and selecting Laptops & Notebooks category.
2025-02-18 08:08:01 INFO  BaseClass:158 - Screenshot captured: /Users/kavitha/Downloads/NinjaV5//screenshots//testLogin_20250218080800.png
2025-02-18 08:08:01 INFO  BaseClass:136 - Closing browser...
2025-02-18 08:08:02 DEBUG TC05_AddAnItemToWishList:31 - Selecting a product from the category.
2025-02-18 08:08:02 DEBUG TC03_AddToCart:31 - Selecting a product from the category.
2025-02-18 08:08:03 INFO  BaseClass:139 - Browser closed and WebDriver instance removed.
2025-02-18 08:08:03 INFO  BaseClass:46 - Starting Test Execution - OS: mac, Browser: edge
2025-02-18 08:08:03 DEBUG BaseClass:53 - Successfully loaded config.properties file.
2025-02-18 08:08:03 DEBUG TC05_AddAnItemToWishList:35 - Adding product to the wishlist.
2025-02-18 08:08:03 DEBUG TC05_AddAnItemToWishList:39 - Verifying success message for adding to wishlist.
2025-02-18 08:08:04 DEBUG TC03_AddToCart:35 - Setting up delivery date and adding product to cart.
2025-02-18 08:08:04 INFO  TC05_AddAnItemToWishList:41 - Wishlist success message status: true
2025-02-18 08:08:04 INFO  TC05_AddAnItemToWishList:45 - Product successfully added to wishlist.
2025-02-18 08:08:04 INFO  TC05_AddAnItemToWishList:56 - Test execution completed: testAddToWishList
2025-02-18 08:08:04 INFO  BaseClass:136 - Closing browser...
2025-02-18 08:08:05 INFO  BaseClass:139 - Browser closed and WebDriver instance removed.
2025-02-18 08:08:05 INFO  BaseClass:46 - Starting Test Execution - OS: mac, Browser: chrome
2025-02-18 08:08:05 DEBUG BaseClass:53 - Successfully loaded config.properties file.
2025-02-18 08:08:06 DEBUG TC03_AddToCart:40 - Validating success message.
2025-02-18 08:08:06 INFO  TC03_AddToCart:42 - Success message status: true
2025-02-18 08:08:06 INFO  TC03_AddToCart:46 - Product successfully added to cart.
2025-02-18 08:08:06 INFO  TC03_AddToCart:57 - Test execution completed: testAddToCart
2025-02-18 08:08:06 INFO  BaseClass:136 - Closing browser...
2025-02-18 08:08:06 DEBUG BaseClass:116 - WebDriver instance set successfully.
2025-02-18 08:08:09 INFO  BaseClass:139 - Browser closed and WebDriver instance removed.
2025-02-18 08:08:09 INFO  BaseClass:46 - Starting Test Execution - OS: mac, Browser: firefox
2025-02-18 08:08:09 DEBUG BaseClass:53 - Successfully loaded config.properties file.
2025-02-18 08:08:09 INFO  BaseClass:124 - Successfully launched application URL: https://tutorialsninja.com/demo/
2025-02-18 08:08:09 INFO  TC05_AddAnItemToWishList:19 - Starting test: testAddToWishList
2025-02-18 08:08:09 DEBUG TC05_AddAnItemToWishList:27 - Navigating to HomePage and selecting Laptops & Notebooks category.
2025-02-18 08:08:10 DEBUG BaseClass:116 - WebDriver instance set successfully.
2025-02-18 08:08:11 DEBUG TC05_AddAnItemToWishList:31 - Selecting a product from the category.
2025-02-18 08:08:12 DEBUG TC05_AddAnItemToWishList:35 - Adding product to the wishlist.
2025-02-18 08:08:12 DEBUG TC05_AddAnItemToWishList:39 - Verifying success message for adding to wishlist.
2025-02-18 08:08:13 INFO  TC05_AddAnItemToWishList:41 - Wishlist success message status: true
2025-02-18 08:08:13 INFO  TC05_AddAnItemToWishList:45 - Product successfully added to wishlist.
2025-02-18 08:08:13 INFO  TC05_AddAnItemToWishList:56 - Test execution completed: testAddToWishList
2025-02-18 08:08:13 INFO  BaseClass:136 - Closing browser...
2025-02-18 08:08:14 INFO  BaseClass:124 - Successfully launched application URL: https://tutorialsninja.com/demo/
2025-02-18 08:08:14 INFO  TC04_CompletePurchase:23 - Starting test: testCompletePurchase
2025-02-18 08:08:14 DEBUG TC04_CompletePurchase:31 - Navigating to HomePage and selecting Laptops & Notebooks category.
2025-02-18 08:08:14 INFO  BaseClass:139 - Browser closed and WebDriver instance removed.
2025-02-18 08:08:14 INFO  BaseClass:46 - Starting Test Execution - OS: mac, Browser: edge
2025-02-18 08:08:14 DEBUG BaseClass:53 - Successfully loaded config.properties file.
2025-02-18 08:08:15 DEBUG TC04_CompletePurchase:35 - Selecting a product from the category.
2025-02-18 08:08:16 DEBUG TC04_CompletePurchase:39 - Setting up delivery date and adding product to cart.
2025-02-18 08:08:17 DEBUG TC04_CompletePurchase:44 - Proceeding to checkout.
2025-02-18 08:08:19 DEBUG TC04_CompletePurchase:47 - Logging in to complete purchase.
2025-02-18 08:08:19 DEBUG BaseClass:116 - WebDriver instance set successfully.
2025-02-18 08:08:20 DEBUG TC04_CompletePurchase:53 - Completing checkout process.
2025-02-18 08:08:20 DEBUG BaseClass:116 - WebDriver instance set successfully.
2025-02-18 08:08:23 INFO  BaseClass:124 - Successfully launched application URL: https://tutorialsninja.com/demo/
2025-02-18 08:08:23 INFO  TC04_CompletePurchase:23 - Starting test: testCompletePurchase
2025-02-18 08:08:23 DEBUG TC04_CompletePurchase:31 - Navigating to HomePage and selecting Laptops & Notebooks category.
2025-02-18 08:08:24 DEBUG TC04_CompletePurchase:35 - Selecting a product from the category.
2025-02-18 08:08:25 INFO  BaseClass:124 - Successfully launched application URL: https://tutorialsninja.com/demo/
2025-02-18 08:08:25 INFO  BaseClass:158 - Screenshot captured: /Users/kavitha/Downloads/NinjaV5//screenshots//testLogin_20250218080825.png
2025-02-18 08:08:25 INFO  BaseClass:136 - Closing browser...
2025-02-18 08:08:26 DEBUG TC04_CompletePurchase:39 - Setting up delivery date and adding product to cart.
2025-02-18 08:08:26 DEBUG TC04_CompletePurchase:44 - Proceeding to checkout.
2025-02-18 08:08:28 DEBUG TC04_CompletePurchase:47 - Logging in to complete purchase.
2025-02-18 08:08:29 INFO  BaseClass:139 - Browser closed and WebDriver instance removed.
2025-02-18 08:08:29 INFO  BaseClass:46 - Starting Test Execution - OS: mac, Browser: firefox
2025-02-18 08:08:29 DEBUG BaseClass:53 - Successfully loaded config.properties file.
2025-02-18 08:08:29 DEBUG TC04_CompletePurchase:53 - Completing checkout process.
2025-02-18 08:08:37 DEBUG BaseClass:116 - WebDriver instance set successfully.
2025-02-18 08:08:41 INFO  BaseClass:124 - Successfully launched application URL: https://tutorialsninja.com/demo/
2025-02-18 08:08:41 INFO  TC05_AddAnItemToWishList:19 - Starting test: testAddToWishList
2025-02-18 08:08:41 DEBUG TC05_AddAnItemToWishList:27 - Navigating to HomePage and selecting Laptops & Notebooks category.
2025-02-18 08:08:42 DEBUG TC05_AddAnItemToWishList:31 - Selecting a product from the category.
2025-02-18 08:08:43 DEBUG TC05_AddAnItemToWishList:35 - Adding product to the wishlist.
2025-02-18 08:08:43 DEBUG TC05_AddAnItemToWishList:39 - Verifying success message for adding to wishlist.
2025-02-18 08:08:44 INFO  TC05_AddAnItemToWishList:41 - Wishlist success message status: true
2025-02-18 08:08:44 INFO  TC05_AddAnItemToWishList:45 - Product successfully added to wishlist.
2025-02-18 08:08:44 INFO  TC05_AddAnItemToWishList:56 - Test execution completed: testAddToWishList
2025-02-18 08:08:44 INFO  BaseClass:136 - Closing browser...
2025-02-18 08:08:45 INFO  BaseClass:139 - Browser closed and WebDriver instance removed.
2025-02-18 08:08:45 INFO  BaseClass:46 - Starting Test Execution - OS: mac, Browser: firefox
2025-02-18 08:08:45 DEBUG BaseClass:53 - Successfully loaded config.properties file.
2025-02-18 08:08:51 DEBUG BaseClass:116 - WebDriver instance set successfully.
2025-02-18 08:08:55 INFO  BaseClass:124 - Successfully launched application URL: https://tutorialsninja.com/demo/
2025-02-18 08:08:55 INFO  TC04_CompletePurchase:23 - Starting test: testCompletePurchase
2025-02-18 08:08:55 DEBUG TC04_CompletePurchase:31 - Navigating to HomePage and selecting Laptops & Notebooks category.
2025-02-18 08:08:56 DEBUG TC04_CompletePurchase:35 - Selecting a product from the category.
2025-02-18 08:08:57 DEBUG TC04_CompletePurchase:39 - Setting up delivery date and adding product to cart.
2025-02-18 08:08:58 DEBUG TC04_CompletePurchase:44 - Proceeding to checkout.
2025-02-18 08:08:59 DEBUG TC04_CompletePurchase:47 - Logging in to complete purchase.
2025-02-18 08:09:00 DEBUG TC04_CompletePurchase:53 - Completing checkout process.
2025-02-18 08:09:28 DEBUG TC04_CompletePurchase:57 - Verifying order confirmation.
2025-02-18 08:09:30 INFO  TC04_CompletePurchase:60 - Order confirmation status: true
2025-02-18 08:09:30 INFO  TC04_CompletePurchase:64 - Order successfully confirmed.
2025-02-18 08:09:30 INFO  TC04_CompletePurchase:75 - Test execution completed: testCompletePurchase
2025-02-18 08:09:30 INFO  BaseClass:136 - Closing browser...
2025-02-18 08:09:30 INFO  BaseClass:139 - Browser closed and WebDriver instance removed.
2025-02-18 08:09:37 DEBUG TC04_CompletePurchase:57 - Verifying order confirmation.
2025-02-18 08:09:38 INFO  TC04_CompletePurchase:60 - Order confirmation status: true
2025-02-18 08:09:38 INFO  TC04_CompletePurchase:64 - Order successfully confirmed.
2025-02-18 08:09:38 INFO  TC04_CompletePurchase:75 - Test execution completed: testCompletePurchase
2025-02-18 08:09:38 INFO  BaseClass:136 - Closing browser...
2025-02-18 08:09:39 INFO  BaseClass:139 - Browser closed and WebDriver instance removed.
2025-02-18 08:10:06 DEBUG TC04_CompletePurchase:57 - Verifying order confirmation.
2025-02-18 08:10:08 INFO  TC04_CompletePurchase:60 - Order confirmation status: true
2025-02-18 08:10:08 INFO  TC04_CompletePurchase:64 - Order successfully confirmed.
2025-02-18 08:10:08 INFO  TC04_CompletePurchase:75 - Test execution completed: testCompletePurchase
2025-02-18 08:10:08 INFO  BaseClass:136 - Closing browser...
2025-02-18 08:10:10 INFO  BaseClass:139 - Browser closed and WebDriver instance removed.
2025-02-18 08:15:35 DEBUG TestNG:82 - suiteXmlPath: "/Users/kavitha/Downloads/NinjaV5/testng.xml"
2025-02-18 08:15:35 INFO  Utils:112 - [TestNG] Running:
  /Users/kavitha/Downloads/NinjaV5/testng.xml

2025-02-18 08:15:35 INFO  BaseClass:46 - Starting Test Execution - OS: mac, Browser: chrome
2025-02-18 08:15:35 DEBUG BaseClass:53 - Successfully loaded config.properties file.
2025-02-18 08:15:35 INFO  BaseClass:46 - Starting Test Execution - OS: mac, Browser: edge
2025-02-18 08:15:35 DEBUG BaseClass:53 - Successfully loaded config.properties file.
2025-02-18 08:15:35 INFO  BaseClass:46 - Starting Test Execution - OS: mac, Browser: firefox
2025-02-18 08:15:35 DEBUG BaseClass:53 - Successfully loaded config.properties file.
2025-02-18 08:15:41 DEBUG BaseClass:116 - WebDriver instance set successfully.
2025-02-18 08:15:41 DEBUG BaseClass:116 - WebDriver instance set successfully.
2025-02-18 08:15:45 INFO  BaseClass:124 - Successfully launched application URL: https://tutorialsninja.com/demo/
2025-02-18 08:15:45 INFO  TC01_LaunchApplication:18 - Starting test: testLaunchApplication
2025-02-18 08:15:45 DEBUG TC01_LaunchApplication:26 - Navigating to HomePage
2025-02-18 08:15:45 DEBUG TC01_LaunchApplication:29 - Verifying homepage confirmation message.
2025-02-18 08:15:45 INFO  TC01_LaunchApplication:31 - Received homepage confirmation message: Qafox.com
2025-02-18 08:15:45 INFO  TC01_LaunchApplication:35 - Homepage confirmation message matched expected value.
2025-02-18 08:15:45 INFO  TC01_LaunchApplication:46 - Test execution completed: testLaunchApplication
2025-02-18 08:15:45 INFO  BaseClass:136 - Closing browser...
2025-02-18 08:15:46 INFO  BaseClass:124 - Successfully launched application URL: https://tutorialsninja.com/demo/
2025-02-18 08:15:46 INFO  TC01_LaunchApplication:18 - Starting test: testLaunchApplication
2025-02-18 08:15:46 DEBUG TC01_LaunchApplication:26 - Navigating to HomePage
2025-02-18 08:15:46 DEBUG TC01_LaunchApplication:29 - Verifying homepage confirmation message.
2025-02-18 08:15:46 INFO  TC01_LaunchApplication:31 - Received homepage confirmation message: Qafox.com
2025-02-18 08:15:46 INFO  TC01_LaunchApplication:35 - Homepage confirmation message matched expected value.
2025-02-18 08:15:46 INFO  TC01_LaunchApplication:46 - Test execution completed: testLaunchApplication
2025-02-18 08:15:46 INFO  BaseClass:136 - Closing browser...
2025-02-18 08:15:46 INFO  BaseClass:139 - Browser closed and WebDriver instance removed.
2025-02-18 08:15:46 INFO  BaseClass:46 - Starting Test Execution - OS: mac, Browser: chrome
2025-02-18 08:15:46 DEBUG BaseClass:53 - Successfully loaded config.properties file.
2025-02-18 08:15:46 DEBUG BaseClass:116 - WebDriver instance set successfully.
2025-02-18 08:15:47 INFO  BaseClass:139 - Browser closed and WebDriver instance removed.
2025-02-18 08:15:47 INFO  BaseClass:46 - Starting Test Execution - OS: mac, Browser: edge
2025-02-18 08:15:47 DEBUG BaseClass:53 - Successfully loaded config.properties file.
2025-02-18 08:15:50 INFO  BaseClass:124 - Successfully launched application URL: https://tutorialsninja.com/demo/
2025-02-18 08:15:50 INFO  TC01_LaunchApplication:18 - Starting test: testLaunchApplication
2025-02-18 08:15:50 DEBUG TC01_LaunchApplication:26 - Navigating to HomePage
2025-02-18 08:15:50 DEBUG TC01_LaunchApplication:29 - Verifying homepage confirmation message.
2025-02-18 08:15:51 DEBUG BaseClass:116 - WebDriver instance set successfully.
2025-02-18 08:15:51 DEBUG BaseClass:116 - WebDriver instance set successfully.
2025-02-18 08:15:51 INFO  TC01_LaunchApplication:31 - Received homepage confirmation message: Qafox.com
2025-02-18 08:15:51 INFO  TC01_LaunchApplication:35 - Homepage confirmation message matched expected value.
2025-02-18 08:15:51 INFO  TC01_LaunchApplication:46 - Test execution completed: testLaunchApplication
2025-02-18 08:15:51 INFO  BaseClass:136 - Closing browser...
2025-02-18 08:15:54 INFO  BaseClass:139 - Browser closed and WebDriver instance removed.
2025-02-18 08:15:54 INFO  BaseClass:46 - Starting Test Execution - OS: mac, Browser: firefox
2025-02-18 08:15:54 DEBUG BaseClass:53 - Successfully loaded config.properties file.
2025-02-18 08:15:56 INFO  BaseClass:124 - Successfully launched application URL: https://tutorialsninja.com/demo/
2025-02-18 08:15:56 INFO  TC06_PurchaseAGiftCertificate:18 - Starting test: testPurchaseAGiftCertificate
2025-02-18 08:15:56 DEBUG TC06_PurchaseAGiftCertificate:26 - Navigating to HomePage and clicking Gift Certificate link.
2025-02-18 08:15:56 INFO  BaseClass:124 - Successfully launched application URL: https://tutorialsninja.com/demo/
2025-02-18 08:15:56 INFO  TC06_PurchaseAGiftCertificate:18 - Starting test: testPurchaseAGiftCertificate
2025-02-18 08:15:56 DEBUG TC06_PurchaseAGiftCertificate:26 - Navigating to HomePage and clicking Gift Certificate link.
2025-02-18 08:15:57 DEBUG TC06_PurchaseAGiftCertificate:30 - Filling out gift certificate details.
2025-02-18 08:15:57 DEBUG TC06_PurchaseAGiftCertificate:30 - Filling out gift certificate details.
2025-02-18 08:16:00 DEBUG TC06_PurchaseAGiftCertificate:38 - Verifying purchase confirmation message.
2025-02-18 08:16:00 INFO  TC06_PurchaseAGiftCertificate:40 - Purchase success message status: true
2025-02-18 08:16:00 INFO  TC06_PurchaseAGiftCertificate:44 - Gift certificate successfully purchased.
2025-02-18 08:16:00 INFO  TC06_PurchaseAGiftCertificate:55 - Test execution completed: testPurchaseAGiftCertificate
2025-02-18 08:16:00 INFO  BaseClass:136 - Closing browser...
2025-02-18 08:16:00 DEBUG TC06_PurchaseAGiftCertificate:38 - Verifying purchase confirmation message.
2025-02-18 08:16:00 INFO  TC06_PurchaseAGiftCertificate:40 - Purchase success message status: true
2025-02-18 08:16:00 INFO  TC06_PurchaseAGiftCertificate:44 - Gift certificate successfully purchased.
2025-02-18 08:16:00 INFO  TC06_PurchaseAGiftCertificate:55 - Test execution completed: testPurchaseAGiftCertificate
2025-02-18 08:16:00 INFO  BaseClass:136 - Closing browser...
2025-02-18 08:16:00 INFO  BaseClass:139 - Browser closed and WebDriver instance removed.
2025-02-18 08:16:00 INFO  BaseClass:46 - Starting Test Execution - OS: mac, Browser: chrome
2025-02-18 08:16:00 DEBUG BaseClass:53 - Successfully loaded config.properties file.
2025-02-18 08:16:01 INFO  BaseClass:139 - Browser closed and WebDriver instance removed.
2025-02-18 08:16:01 INFO  BaseClass:46 - Starting Test Execution - OS: mac, Browser: edge
2025-02-18 08:16:01 DEBUG BaseClass:53 - Successfully loaded config.properties file.
2025-02-18 08:16:06 DEBUG BaseClass:116 - WebDriver instance set successfully.
2025-02-18 08:16:06 DEBUG BaseClass:116 - WebDriver instance set successfully.
2025-02-18 08:16:07 DEBUG BaseClass:116 - WebDriver instance set successfully.
2025-02-18 08:16:09 INFO  BaseClass:124 - Successfully launched application URL: https://tutorialsninja.com/demo/
2025-02-18 08:16:09 INFO  TC03_AddToCart:19 - Starting test: testAddToCart
2025-02-18 08:16:09 DEBUG TC03_AddToCart:27 - Navigating to HomePage and selecting Laptops & Notebooks category.
2025-02-18 08:16:09 INFO  BaseClass:124 - Successfully launched application URL: https://tutorialsninja.com/demo/
2025-02-18 08:16:09 INFO  TC03_AddToCart:19 - Starting test: testAddToCart
2025-02-18 08:16:09 DEBUG TC03_AddToCart:27 - Navigating to HomePage and selecting Laptops & Notebooks category.
2025-02-18 08:16:10 INFO  BaseClass:124 - Successfully launched application URL: https://tutorialsninja.com/demo/
2025-02-18 08:16:10 INFO  TC06_PurchaseAGiftCertificate:18 - Starting test: testPurchaseAGiftCertificate
2025-02-18 08:16:10 DEBUG TC06_PurchaseAGiftCertificate:26 - Navigating to HomePage and clicking Gift Certificate link.
2025-02-18 08:16:11 DEBUG TC03_AddToCart:31 - Selecting a product from the category.
2025-02-18 08:16:11 DEBUG TC03_AddToCart:31 - Selecting a product from the category.
2025-02-18 08:16:12 DEBUG TC06_PurchaseAGiftCertificate:30 - Filling out gift certificate details.
2025-02-18 08:16:12 DEBUG TC03_AddToCart:35 - Setting up delivery date and adding product to cart.
2025-02-18 08:16:13 DEBUG TC03_AddToCart:35 - Setting up delivery date and adding product to cart.
2025-02-18 08:16:13 DEBUG TC03_AddToCart:40 - Validating success message.
2025-02-18 08:16:14 INFO  TC03_AddToCart:42 - Success message status: true
2025-02-18 08:16:14 INFO  TC03_AddToCart:46 - Product successfully added to cart.
2025-02-18 08:16:14 INFO  TC03_AddToCart:57 - Test execution completed: testAddToCart
2025-02-18 08:16:14 INFO  BaseClass:136 - Closing browser...
2025-02-18 08:16:14 DEBUG TC03_AddToCart:40 - Validating success message.
2025-02-18 08:16:14 INFO  BaseClass:139 - Browser closed and WebDriver instance removed.
2025-02-18 08:16:14 INFO  BaseClass:46 - Starting Test Execution - OS: mac, Browser: chrome
2025-02-18 08:16:14 DEBUG BaseClass:53 - Successfully loaded config.properties file.
2025-02-18 08:16:14 INFO  TC03_AddToCart:42 - Success message status: true
2025-02-18 08:16:14 INFO  TC03_AddToCart:46 - Product successfully added to cart.
2025-02-18 08:16:14 INFO  TC03_AddToCart:57 - Test execution completed: testAddToCart
2025-02-18 08:16:14 INFO  BaseClass:136 - Closing browser...
2025-02-18 08:16:15 DEBUG TC06_PurchaseAGiftCertificate:38 - Verifying purchase confirmation message.
2025-02-18 08:16:15 INFO  TC06_PurchaseAGiftCertificate:40 - Purchase success message status: true
2025-02-18 08:16:15 INFO  TC06_PurchaseAGiftCertificate:44 - Gift certificate successfully purchased.
2025-02-18 08:16:15 INFO  TC06_PurchaseAGiftCertificate:55 - Test execution completed: testPurchaseAGiftCertificate
2025-02-18 08:16:15 INFO  BaseClass:136 - Closing browser...
2025-02-18 08:16:16 INFO  BaseClass:139 - Browser closed and WebDriver instance removed.
2025-02-18 08:16:16 INFO  BaseClass:46 - Starting Test Execution - OS: mac, Browser: edge
2025-02-18 08:16:16 DEBUG BaseClass:53 - Successfully loaded config.properties file.
2025-02-18 08:16:17 DEBUG BaseClass:116 - WebDriver instance set successfully.
2025-02-18 08:16:18 INFO  BaseClass:139 - Browser closed and WebDriver instance removed.
2025-02-18 08:16:18 INFO  BaseClass:46 - Starting Test Execution - OS: mac, Browser: firefox
2025-02-18 08:16:18 DEBUG BaseClass:53 - Successfully loaded config.properties file.
2025-02-18 08:16:20 INFO  BaseClass:124 - Successfully launched application URL: https://tutorialsninja.com/demo/
2025-02-18 08:16:21 DEBUG PackageRelationshipCollection:307 - Parsing relationship: /xl/_rels/workbook.xml.rels
2025-02-18 08:16:21 DEBUG PackageRelationshipCollection:307 - Parsing relationship: /xl/worksheets/_rels/sheet1.xml.rels
2025-02-18 08:16:21 DEBUG PackageRelationshipCollection:307 - Parsing relationship: /_rels/.rels
2025-02-18 08:16:21 DEBUG BaseClass:116 - WebDriver instance set successfully.
2025-02-18 08:16:22 DEBUG POIXMLFactory:65 - using default POIXMLDocumentPart for http://schemas.openxmlformats.org/officeDocument/2006/relationships/printerSettings
2025-02-18 08:16:23 DEBUG PackageRelationshipCollection:307 - Parsing relationship: /xl/_rels/workbook.xml.rels
2025-02-18 08:16:23 DEBUG PackageRelationshipCollection:307 - Parsing relationship: /xl/worksheets/_rels/sheet1.xml.rels
2025-02-18 08:16:23 DEBUG PackageRelationshipCollection:307 - Parsing relationship: /_rels/.rels
2025-02-18 08:16:23 DEBUG POIXMLFactory:65 - using default POIXMLDocumentPart for http://schemas.openxmlformats.org/officeDocument/2006/relationships/printerSettings
2025-02-18 08:16:23 DEBUG PackageRelationshipCollection:307 - Parsing relationship: /xl/_rels/workbook.xml.rels
2025-02-18 08:16:23 DEBUG PackageRelationshipCollection:307 - Parsing relationship: /xl/worksheets/_rels/sheet1.xml.rels
2025-02-18 08:16:23 DEBUG PackageRelationshipCollection:307 - Parsing relationship: /_rels/.rels
2025-02-18 08:16:23 DEBUG POIXMLFactory:65 - using default POIXMLDocumentPart for http://schemas.openxmlformats.org/officeDocument/2006/relationships/printerSettings
2025-02-18 08:16:23 DEBUG PackageRelationshipCollection:307 - Parsing relationship: /xl/_rels/workbook.xml.rels
2025-02-18 08:16:23 DEBUG PackageRelationshipCollection:307 - Parsing relationship: /xl/worksheets/_rels/sheet1.xml.rels
2025-02-18 08:16:23 DEBUG PackageRelationshipCollection:307 - Parsing relationship: /_rels/.rels
2025-02-18 08:16:23 DEBUG POIXMLFactory:65 - using default POIXMLDocumentPart for http://schemas.openxmlformats.org/officeDocument/2006/relationships/printerSettings
2025-02-18 08:16:23 DEBUG PackageRelationshipCollection:307 - Parsing relationship: /xl/_rels/workbook.xml.rels
2025-02-18 08:16:23 DEBUG PackageRelationshipCollection:307 - Parsing relationship: /xl/worksheets/_rels/sheet1.xml.rels
2025-02-18 08:16:23 DEBUG PackageRelationshipCollection:307 - Parsing relationship: /_rels/.rels
2025-02-18 08:16:23 DEBUG POIXMLFactory:65 - using default POIXMLDocumentPart for http://schemas.openxmlformats.org/officeDocument/2006/relationships/printerSettings
2025-02-18 08:16:23 DEBUG PackageRelationshipCollection:307 - Parsing relationship: /xl/_rels/workbook.xml.rels
2025-02-18 08:16:23 DEBUG PackageRelationshipCollection:307 - Parsing relationship: /xl/worksheets/_rels/sheet1.xml.rels
2025-02-18 08:16:23 DEBUG PackageRelationshipCollection:307 - Parsing relationship: /_rels/.rels
2025-02-18 08:16:23 DEBUG POIXMLFactory:65 - using default POIXMLDocumentPart for http://schemas.openxmlformats.org/officeDocument/2006/relationships/printerSettings
2025-02-18 08:16:23 DEBUG PackageRelationshipCollection:307 - Parsing relationship: /xl/_rels/workbook.xml.rels
2025-02-18 08:16:23 DEBUG PackageRelationshipCollection:307 - Parsing relationship: /xl/worksheets/_rels/sheet1.xml.rels
2025-02-18 08:16:23 DEBUG PackageRelationshipCollection:307 - Parsing relationship: /_rels/.rels
2025-02-18 08:16:23 DEBUG POIXMLFactory:65 - using default POIXMLDocumentPart for http://schemas.openxmlformats.org/officeDocument/2006/relationships/printerSettings
2025-02-18 08:16:23 DEBUG PackageRelationshipCollection:307 - Parsing relationship: /xl/_rels/workbook.xml.rels
2025-02-18 08:16:23 DEBUG PackageRelationshipCollection:307 - Parsing relationship: /xl/worksheets/_rels/sheet1.xml.rels
2025-02-18 08:16:23 DEBUG PackageRelationshipCollection:307 - Parsing relationship: /_rels/.rels
2025-02-18 08:16:23 DEBUG POIXMLFactory:65 - using default POIXMLDocumentPart for http://schemas.openxmlformats.org/officeDocument/2006/relationships/printerSettings
2025-02-18 08:16:23 DEBUG PackageRelationshipCollection:307 - Parsing relationship: /xl/_rels/workbook.xml.rels
2025-02-18 08:16:23 DEBUG PackageRelationshipCollection:307 - Parsing relationship: /xl/worksheets/_rels/sheet1.xml.rels
2025-02-18 08:16:23 DEBUG PackageRelationshipCollection:307 - Parsing relationship: /_rels/.rels
2025-02-18 08:16:23 DEBUG POIXMLFactory:65 - using default POIXMLDocumentPart for http://schemas.openxmlformats.org/officeDocument/2006/relationships/printerSettings
2025-02-18 08:16:23 DEBUG PackageRelationshipCollection:307 - Parsing relationship: /xl/_rels/workbook.xml.rels
2025-02-18 08:16:23 DEBUG PackageRelationshipCollection:307 - Parsing relationship: /xl/worksheets/_rels/sheet1.xml.rels
2025-02-18 08:16:23 DEBUG PackageRelationshipCollection:307 - Parsing relationship: /_rels/.rels
2025-02-18 08:16:23 DEBUG POIXMLFactory:65 - using default POIXMLDocumentPart for http://schemas.openxmlformats.org/officeDocument/2006/relationships/printerSettings
2025-02-18 08:16:23 DEBUG PackageRelationshipCollection:307 - Parsing relationship: /xl/_rels/workbook.xml.rels
2025-02-18 08:16:23 DEBUG PackageRelationshipCollection:307 - Parsing relationship: /xl/worksheets/_rels/sheet1.xml.rels
2025-02-18 08:16:23 DEBUG PackageRelationshipCollection:307 - Parsing relationship: /_rels/.rels
2025-02-18 08:16:23 DEBUG POIXMLFactory:65 - using default POIXMLDocumentPart for http://schemas.openxmlformats.org/officeDocument/2006/relationships/printerSettings
2025-02-18 08:16:23 DEBUG PackageRelationshipCollection:307 - Parsing relationship: /xl/_rels/workbook.xml.rels
2025-02-18 08:16:23 DEBUG PackageRelationshipCollection:307 - Parsing relationship: /xl/worksheets/_rels/sheet1.xml.rels
2025-02-18 08:16:23 DEBUG PackageRelationshipCollection:307 - Parsing relationship: /_rels/.rels
2025-02-18 08:16:23 DEBUG POIXMLFactory:65 - using default POIXMLDocumentPart for http://schemas.openxmlformats.org/officeDocument/2006/relationships/printerSettings
2025-02-18 08:16:23 INFO  TC02_Login:23 - Starting test: testLogin with Email: goodmorning@gmail.com and Password: test@1234
2025-02-18 08:16:23 DEBUG TC02_Login:31 - Navigating to HomePage
2025-02-18 08:16:24 DEBUG TC02_Login:36 - Entering login credentials.
2025-02-18 08:16:26 DEBUG TC02_Login:42 - Verifying login success.
2025-02-18 08:16:26 INFO  TC02_Login:45 - Login success status: true
2025-02-18 08:16:26 INFO  TC02_Login:49 - Login verification passed.
2025-02-18 08:16:26 INFO  BaseClass:124 - Successfully launched application URL: https://tutorialsninja.com/demo/
2025-02-18 08:16:26 DEBUG PackageRelationshipCollection:307 - Parsing relationship: /xl/_rels/workbook.xml.rels
2025-02-18 08:16:26 DEBUG PackageRelationshipCollection:307 - Parsing relationship: /xl/worksheets/_rels/sheet1.xml.rels
2025-02-18 08:16:26 DEBUG PackageRelationshipCollection:307 - Parsing relationship: /_rels/.rels
2025-02-18 08:16:26 DEBUG POIXMLFactory:65 - using default POIXMLDocumentPart for http://schemas.openxmlformats.org/officeDocument/2006/relationships/printerSettings
2025-02-18 08:16:26 DEBUG PackageRelationshipCollection:307 - Parsing relationship: /xl/_rels/workbook.xml.rels
2025-02-18 08:16:26 DEBUG PackageRelationshipCollection:307 - Parsing relationship: /xl/worksheets/_rels/sheet1.xml.rels
2025-02-18 08:16:26 DEBUG PackageRelationshipCollection:307 - Parsing relationship: /_rels/.rels
2025-02-18 08:16:26 DEBUG POIXMLFactory:65 - using default POIXMLDocumentPart for http://schemas.openxmlformats.org/officeDocument/2006/relationships/printerSettings
2025-02-18 08:16:26 DEBUG PackageRelationshipCollection:307 - Parsing relationship: /xl/_rels/workbook.xml.rels
2025-02-18 08:16:26 DEBUG PackageRelationshipCollection:307 - Parsing relationship: /xl/worksheets/_rels/sheet1.xml.rels
2025-02-18 08:16:26 DEBUG PackageRelationshipCollection:307 - Parsing relationship: /_rels/.rels
2025-02-18 08:16:26 DEBUG POIXMLFactory:65 - using default POIXMLDocumentPart for http://schemas.openxmlformats.org/officeDocument/2006/relationships/printerSettings
2025-02-18 08:16:26 DEBUG PackageRelationshipCollection:307 - Parsing relationship: /xl/_rels/workbook.xml.rels
2025-02-18 08:16:26 DEBUG PackageRelationshipCollection:307 - Parsing relationship: /xl/worksheets/_rels/sheet1.xml.rels
2025-02-18 08:16:26 DEBUG PackageRelationshipCollection:307 - Parsing relationship: /_rels/.rels
2025-02-18 08:16:26 DEBUG POIXMLFactory:65 - using default POIXMLDocumentPart for http://schemas.openxmlformats.org/officeDocument/2006/relationships/printerSettings
2025-02-18 08:16:26 DEBUG PackageRelationshipCollection:307 - Parsing relationship: /xl/_rels/workbook.xml.rels
2025-02-18 08:16:26 DEBUG PackageRelationshipCollection:307 - Parsing relationship: /xl/worksheets/_rels/sheet1.xml.rels
2025-02-18 08:16:26 DEBUG PackageRelationshipCollection:307 - Parsing relationship: /_rels/.rels
2025-02-18 08:16:26 DEBUG POIXMLFactory:65 - using default POIXMLDocumentPart for http://schemas.openxmlformats.org/officeDocument/2006/relationships/printerSettings
2025-02-18 08:16:26 DEBUG PackageRelationshipCollection:307 - Parsing relationship: /xl/_rels/workbook.xml.rels
2025-02-18 08:16:26 DEBUG PackageRelationshipCollection:307 - Parsing relationship: /xl/worksheets/_rels/sheet1.xml.rels
2025-02-18 08:16:26 DEBUG PackageRelationshipCollection:307 - Parsing relationship: /_rels/.rels
2025-02-18 08:16:26 DEBUG POIXMLFactory:65 - using default POIXMLDocumentPart for http://schemas.openxmlformats.org/officeDocument/2006/relationships/printerSettings
2025-02-18 08:16:26 DEBUG PackageRelationshipCollection:307 - Parsing relationship: /xl/_rels/workbook.xml.rels
2025-02-18 08:16:26 DEBUG PackageRelationshipCollection:307 - Parsing relationship: /xl/worksheets/_rels/sheet1.xml.rels
2025-02-18 08:16:26 DEBUG PackageRelationshipCollection:307 - Parsing relationship: /_rels/.rels
2025-02-18 08:16:26 DEBUG POIXMLFactory:65 - using default POIXMLDocumentPart for http://schemas.openxmlformats.org/officeDocument/2006/relationships/printerSettings
2025-02-18 08:16:26 DEBUG PackageRelationshipCollection:307 - Parsing relationship: /xl/_rels/workbook.xml.rels
2025-02-18 08:16:26 DEBUG PackageRelationshipCollection:307 - Parsing relationship: /xl/worksheets/_rels/sheet1.xml.rels
2025-02-18 08:16:26 DEBUG PackageRelationshipCollection:307 - Parsing relationship: /_rels/.rels
2025-02-18 08:16:26 DEBUG POIXMLFactory:65 - using default POIXMLDocumentPart for http://schemas.openxmlformats.org/officeDocument/2006/relationships/printerSettings
2025-02-18 08:16:26 DEBUG PackageRelationshipCollection:307 - Parsing relationship: /xl/_rels/workbook.xml.rels
2025-02-18 08:16:26 DEBUG PackageRelationshipCollection:307 - Parsing relationship: /xl/worksheets/_rels/sheet1.xml.rels
2025-02-18 08:16:26 DEBUG PackageRelationshipCollection:307 - Parsing relationship: /_rels/.rels
2025-02-18 08:16:26 DEBUG POIXMLFactory:65 - using default POIXMLDocumentPart for http://schemas.openxmlformats.org/officeDocument/2006/relationships/printerSettings
2025-02-18 08:16:26 DEBUG PackageRelationshipCollection:307 - Parsing relationship: /xl/_rels/workbook.xml.rels
2025-02-18 08:16:26 DEBUG PackageRelationshipCollection:307 - Parsing relationship: /xl/worksheets/_rels/sheet1.xml.rels
2025-02-18 08:16:26 DEBUG PackageRelationshipCollection:307 - Parsing relationship: /_rels/.rels
2025-02-18 08:16:26 DEBUG POIXMLFactory:65 - using default POIXMLDocumentPart for http://schemas.openxmlformats.org/officeDocument/2006/relationships/printerSettings
2025-02-18 08:16:27 DEBUG PackageRelationshipCollection:307 - Parsing relationship: /xl/_rels/workbook.xml.rels
2025-02-18 08:16:27 DEBUG PackageRelationshipCollection:307 - Parsing relationship: /xl/worksheets/_rels/sheet1.xml.rels
2025-02-18 08:16:27 DEBUG PackageRelationshipCollection:307 - Parsing relationship: /_rels/.rels
2025-02-18 08:16:27 DEBUG POIXMLFactory:65 - using default POIXMLDocumentPart for http://schemas.openxmlformats.org/officeDocument/2006/relationships/printerSettings
2025-02-18 08:16:27 DEBUG PackageRelationshipCollection:307 - Parsing relationship: /xl/_rels/workbook.xml.rels
2025-02-18 08:16:27 DEBUG PackageRelationshipCollection:307 - Parsing relationship: /xl/worksheets/_rels/sheet1.xml.rels
2025-02-18 08:16:27 DEBUG PackageRelationshipCollection:307 - Parsing relationship: /_rels/.rels
2025-02-18 08:16:27 DEBUG POIXMLFactory:65 - using default POIXMLDocumentPart for http://schemas.openxmlformats.org/officeDocument/2006/relationships/printerSettings
2025-02-18 08:16:27 INFO  TC02_Login:23 - Starting test: testLogin with Email: goodmorning@gmail.com and Password: test@1234
2025-02-18 08:16:27 DEBUG TC02_Login:31 - Navigating to HomePage
2025-02-18 08:16:27 INFO  TC02_Login:54 - User logged out successfully.
2025-02-18 08:16:27 INFO  TC02_Login:66 - Test execution completed: testLogin
2025-02-18 08:16:27 INFO  TC02_Login:23 - Starting test: testLogin with Email: test121@test.com and Password: test123
2025-02-18 08:16:27 DEBUG TC02_Login:31 - Navigating to HomePage
2025-02-18 08:16:27 DEBUG TC02_Login:36 - Entering login credentials.
2025-02-18 08:16:28 DEBUG TC02_Login:36 - Entering login credentials.
2025-02-18 08:16:30 DEBUG TC02_Login:42 - Verifying login success.
2025-02-18 08:16:30 INFO  TC02_Login:45 - Login success status: true
2025-02-18 08:16:30 INFO  TC02_Login:49 - Login verification passed.
2025-02-18 08:16:30 DEBUG BaseClass:116 - WebDriver instance set successfully.
2025-02-18 08:16:30 DEBUG TC02_Login:42 - Verifying login success.
2025-02-18 08:16:30 INFO  TC02_Login:45 - Login success status: true
2025-02-18 08:16:30 INFO  TC02_Login:49 - Login verification passed.
2025-02-18 08:16:31 INFO  TC02_Login:54 - User logged out successfully.
2025-02-18 08:16:31 INFO  TC02_Login:66 - Test execution completed: testLogin
2025-02-18 08:16:31 INFO  TC02_Login:23 - Starting test: testLogin with Email: test121@test.com and Password: test123
2025-02-18 08:16:31 DEBUG TC02_Login:31 - Navigating to HomePage
2025-02-18 08:16:32 INFO  TC02_Login:54 - User logged out successfully.
2025-02-18 08:16:32 INFO  TC02_Login:66 - Test execution completed: testLogin
2025-02-18 08:16:32 INFO  TC02_Login:23 - Starting test: testLogin with Email: sid@cloudberry.services and Password: Test123
2025-02-18 08:16:32 DEBUG TC02_Login:31 - Navigating to HomePage
2025-02-18 08:16:32 DEBUG TC02_Login:36 - Entering login credentials.
2025-02-18 08:16:33 DEBUG TC02_Login:36 - Entering login credentials.
2025-02-18 08:16:34 DEBUG TC02_Login:42 - Verifying login success.
2025-02-18 08:16:34 INFO  TC02_Login:45 - Login success status: true
2025-02-18 08:16:34 INFO  TC02_Login:49 - Login verification passed.
2025-02-18 08:16:34 DEBUG TC02_Login:42 - Verifying login success.
2025-02-18 08:16:34 INFO  TC02_Login:45 - Login success status: true
2025-02-18 08:16:34 INFO  TC02_Login:49 - Login verification passed.
2025-02-18 08:16:34 INFO  BaseClass:124 - Successfully launched application URL: https://tutorialsninja.com/demo/
2025-02-18 08:16:35 INFO  TC03_AddToCart:19 - Starting test: testAddToCart
2025-02-18 08:16:35 DEBUG TC03_AddToCart:27 - Navigating to HomePage and selecting Laptops & Notebooks category.
2025-02-18 08:16:35 INFO  TC02_Login:54 - User logged out successfully.
2025-02-18 08:16:35 INFO  TC02_Login:66 - Test execution completed: testLogin
2025-02-18 08:16:35 INFO  TC02_Login:23 - Starting test: testLogin with Email: sid@cloudberry.services and Password: Test123
2025-02-18 08:16:35 DEBUG TC02_Login:31 - Navigating to HomePage
2025-02-18 08:16:35 INFO  TC02_Login:54 - User logged out successfully.
2025-02-18 08:16:35 INFO  TC02_Login:66 - Test execution completed: testLogin
2025-02-18 08:16:35 INFO  TC02_Login:23 - Starting test: testLogin with Email: otisdog22@yahoo.com and Password: 1234QWERT
2025-02-18 08:16:35 DEBUG TC02_Login:31 - Navigating to HomePage
2025-02-18 08:16:36 DEBUG TC02_Login:36 - Entering login credentials.
2025-02-18 08:16:36 DEBUG TC02_Login:36 - Entering login credentials.
2025-02-18 08:16:37 DEBUG TC03_AddToCart:31 - Selecting a product from the category.
2025-02-18 08:16:38 DEBUG TC02_Login:42 - Verifying login success.
2025-02-18 08:16:38 INFO  TC02_Login:45 - Login success status: true
2025-02-18 08:16:38 INFO  TC02_Login:49 - Login verification passed.
2025-02-18 08:16:38 DEBUG TC02_Login:42 - Verifying login success.
2025-02-18 08:16:38 INFO  TC02_Login:45 - Login success status: true
2025-02-18 08:16:38 INFO  TC02_Login:49 - Login verification passed.
2025-02-18 08:16:38 DEBUG TC03_AddToCart:35 - Setting up delivery date and adding product to cart.
2025-02-18 08:16:39 DEBUG TC03_AddToCart:40 - Validating success message.
2025-02-18 08:16:39 INFO  TC02_Login:54 - User logged out successfully.
2025-02-18 08:16:39 INFO  TC02_Login:66 - Test execution completed: testLogin
2025-02-18 08:16:39 INFO  TC02_Login:23 - Starting test: testLogin with Email: otisdog22@yahoo.com and Password: 1234QWERT
2025-02-18 08:16:39 DEBUG TC02_Login:31 - Navigating to HomePage
2025-02-18 08:16:39 INFO  TC03_AddToCart:42 - Success message status: true
2025-02-18 08:16:39 INFO  TC03_AddToCart:46 - Product successfully added to cart.
2025-02-18 08:16:39 INFO  TC03_AddToCart:57 - Test execution completed: testAddToCart
2025-02-18 08:16:39 INFO  BaseClass:136 - Closing browser...
2025-02-18 08:16:40 INFO  TC02_Login:54 - User logged out successfully.
2025-02-18 08:16:40 INFO  TC02_Login:66 - Test execution completed: testLogin
2025-02-18 08:16:40 INFO  TC02_Login:23 - Starting test: testLogin with Email: shalaka.dongre@gmail.com and Password: Test123!
2025-02-18 08:16:40 DEBUG TC02_Login:31 - Navigating to HomePage
2025-02-18 08:16:40 DEBUG TC02_Login:36 - Entering login credentials.
2025-02-18 08:16:40 DEBUG TC02_Login:36 - Entering login credentials.
2025-02-18 08:16:42 INFO  BaseClass:139 - Browser closed and WebDriver instance removed.
2025-02-18 08:16:42 INFO  BaseClass:46 - Starting Test Execution - OS: mac, Browser: firefox
2025-02-18 08:16:42 DEBUG BaseClass:53 - Successfully loaded config.properties file.
2025-02-18 08:16:42 DEBUG TC02_Login:42 - Verifying login success.
2025-02-18 08:16:42 DEBUG TC02_Login:42 - Verifying login success.
2025-02-18 08:16:42 INFO  TC02_Login:45 - Login success status: true
2025-02-18 08:16:42 INFO  TC02_Login:49 - Login verification passed.
2025-02-18 08:16:42 INFO  TC02_Login:45 - Login success status: true
2025-02-18 08:16:42 INFO  TC02_Login:49 - Login verification passed.
2025-02-18 08:16:43 INFO  TC02_Login:54 - User logged out successfully.
2025-02-18 08:16:43 INFO  TC02_Login:66 - Test execution completed: testLogin
2025-02-18 08:16:43 INFO  BaseClass:136 - Closing browser...
2025-02-18 08:16:44 INFO  TC02_Login:54 - User logged out successfully.
2025-02-18 08:16:44 INFO  TC02_Login:66 - Test execution completed: testLogin
2025-02-18 08:16:44 INFO  TC02_Login:23 - Starting test: testLogin with Email: shalaka.dongre@gmail.com and Password: Test123!
2025-02-18 08:16:44 DEBUG TC02_Login:31 - Navigating to HomePage
2025-02-18 08:16:44 INFO  BaseClass:139 - Browser closed and WebDriver instance removed.
2025-02-18 08:16:44 INFO  BaseClass:46 - Starting Test Execution - OS: mac, Browser: chrome
2025-02-18 08:16:44 DEBUG BaseClass:53 - Successfully loaded config.properties file.
2025-02-18 08:16:44 DEBUG TC02_Login:36 - Entering login credentials.
2025-02-18 08:16:46 DEBUG TC02_Login:42 - Verifying login success.
2025-02-18 08:16:46 INFO  TC02_Login:45 - Login success status: true
2025-02-18 08:16:46 INFO  TC02_Login:49 - Login verification passed.
2025-02-18 08:16:48 DEBUG BaseClass:116 - WebDriver instance set successfully.
2025-02-18 08:16:48 INFO  TC02_Login:54 - User logged out successfully.
2025-02-18 08:16:48 INFO  TC02_Login:66 - Test execution completed: testLogin
2025-02-18 08:16:48 INFO  BaseClass:136 - Closing browser...
2025-02-18 08:16:49 INFO  BaseClass:139 - Browser closed and WebDriver instance removed.
2025-02-18 08:16:49 INFO  BaseClass:46 - Starting Test Execution - OS: mac, Browser: edge
2025-02-18 08:16:49 DEBUG BaseClass:53 - Successfully loaded config.properties file.
2025-02-18 08:16:52 INFO  BaseClass:124 - Successfully launched application URL: https://tutorialsninja.com/demo/
2025-02-18 08:16:52 INFO  TC05_AddAnItemToWishList:19 - Starting test: testAddToWishList
2025-02-18 08:16:52 DEBUG TC05_AddAnItemToWishList:27 - Navigating to HomePage and selecting Laptops & Notebooks category.
2025-02-18 08:16:53 DEBUG BaseClass:116 - WebDriver instance set successfully.
2025-02-18 08:16:53 DEBUG BaseClass:116 - WebDriver instance set successfully.
2025-02-18 08:16:53 DEBUG TC05_AddAnItemToWishList:31 - Selecting a product from the category.
2025-02-18 08:16:55 DEBUG TC05_AddAnItemToWishList:35 - Adding product to the wishlist.
2025-02-18 08:16:55 DEBUG TC05_AddAnItemToWishList:39 - Verifying success message for adding to wishlist.
2025-02-18 08:16:56 INFO  TC05_AddAnItemToWishList:41 - Wishlist success message status: true
2025-02-18 08:16:56 INFO  TC05_AddAnItemToWishList:45 - Product successfully added to wishlist.
2025-02-18 08:16:56 INFO  TC05_AddAnItemToWishList:56 - Test execution completed: testAddToWishList
2025-02-18 08:16:56 INFO  BaseClass:136 - Closing browser...
2025-02-18 08:16:56 INFO  BaseClass:139 - Browser closed and WebDriver instance removed.
2025-02-18 08:16:56 INFO  BaseClass:46 - Starting Test Execution - OS: mac, Browser: chrome
2025-02-18 08:16:56 DEBUG BaseClass:53 - Successfully loaded config.properties file.
2025-02-18 08:16:57 INFO  BaseClass:124 - Successfully launched application URL: https://tutorialsninja.com/demo/
2025-02-18 08:16:57 DEBUG PackageRelationshipCollection:307 - Parsing relationship: /xl/_rels/workbook.xml.rels
2025-02-18 08:16:57 DEBUG PackageRelationshipCollection:307 - Parsing relationship: /xl/worksheets/_rels/sheet1.xml.rels
2025-02-18 08:16:57 DEBUG PackageRelationshipCollection:307 - Parsing relationship: /_rels/.rels
2025-02-18 08:16:57 DEBUG POIXMLFactory:65 - using default POIXMLDocumentPart for http://schemas.openxmlformats.org/officeDocument/2006/relationships/printerSettings
2025-02-18 08:16:57 DEBUG PackageRelationshipCollection:307 - Parsing relationship: /xl/_rels/workbook.xml.rels
2025-02-18 08:16:57 DEBUG PackageRelationshipCollection:307 - Parsing relationship: /xl/worksheets/_rels/sheet1.xml.rels
2025-02-18 08:16:57 DEBUG PackageRelationshipCollection:307 - Parsing relationship: /_rels/.rels
2025-02-18 08:16:57 DEBUG POIXMLFactory:65 - using default POIXMLDocumentPart for http://schemas.openxmlformats.org/officeDocument/2006/relationships/printerSettings
2025-02-18 08:16:57 DEBUG PackageRelationshipCollection:307 - Parsing relationship: /xl/_rels/workbook.xml.rels
2025-02-18 08:16:57 DEBUG PackageRelationshipCollection:307 - Parsing relationship: /xl/worksheets/_rels/sheet1.xml.rels
2025-02-18 08:16:57 DEBUG PackageRelationshipCollection:307 - Parsing relationship: /_rels/.rels
2025-02-18 08:16:57 DEBUG POIXMLFactory:65 - using default POIXMLDocumentPart for http://schemas.openxmlformats.org/officeDocument/2006/relationships/printerSettings
2025-02-18 08:16:57 DEBUG PackageRelationshipCollection:307 - Parsing relationship: /xl/_rels/workbook.xml.rels
2025-02-18 08:16:57 DEBUG PackageRelationshipCollection:307 - Parsing relationship: /xl/worksheets/_rels/sheet1.xml.rels
2025-02-18 08:16:57 DEBUG PackageRelationshipCollection:307 - Parsing relationship: /_rels/.rels
2025-02-18 08:16:57 DEBUG POIXMLFactory:65 - using default POIXMLDocumentPart for http://schemas.openxmlformats.org/officeDocument/2006/relationships/printerSettings
2025-02-18 08:16:57 DEBUG PackageRelationshipCollection:307 - Parsing relationship: /xl/_rels/workbook.xml.rels
2025-02-18 08:16:57 DEBUG PackageRelationshipCollection:307 - Parsing relationship: /xl/worksheets/_rels/sheet1.xml.rels
2025-02-18 08:16:57 DEBUG PackageRelationshipCollection:307 - Parsing relationship: /_rels/.rels
2025-02-18 08:16:57 DEBUG POIXMLFactory:65 - using default POIXMLDocumentPart for http://schemas.openxmlformats.org/officeDocument/2006/relationships/printerSettings
2025-02-18 08:16:57 DEBUG PackageRelationshipCollection:307 - Parsing relationship: /xl/_rels/workbook.xml.rels
2025-02-18 08:16:57 DEBUG PackageRelationshipCollection:307 - Parsing relationship: /xl/worksheets/_rels/sheet1.xml.rels
2025-02-18 08:16:57 DEBUG PackageRelationshipCollection:307 - Parsing relationship: /_rels/.rels
2025-02-18 08:16:57 DEBUG POIXMLFactory:65 - using default POIXMLDocumentPart for http://schemas.openxmlformats.org/officeDocument/2006/relationships/printerSettings
2025-02-18 08:16:57 DEBUG PackageRelationshipCollection:307 - Parsing relationship: /xl/_rels/workbook.xml.rels
2025-02-18 08:16:57 DEBUG PackageRelationshipCollection:307 - Parsing relationship: /xl/worksheets/_rels/sheet1.xml.rels
2025-02-18 08:16:57 DEBUG PackageRelationshipCollection:307 - Parsing relationship: /_rels/.rels
2025-02-18 08:16:57 DEBUG POIXMLFactory:65 - using default POIXMLDocumentPart for http://schemas.openxmlformats.org/officeDocument/2006/relationships/printerSettings
2025-02-18 08:16:57 DEBUG PackageRelationshipCollection:307 - Parsing relationship: /xl/_rels/workbook.xml.rels
2025-02-18 08:16:57 DEBUG PackageRelationshipCollection:307 - Parsing relationship: /xl/worksheets/_rels/sheet1.xml.rels
2025-02-18 08:16:57 DEBUG PackageRelationshipCollection:307 - Parsing relationship: /_rels/.rels
2025-02-18 08:16:57 DEBUG POIXMLFactory:65 - using default POIXMLDocumentPart for http://schemas.openxmlformats.org/officeDocument/2006/relationships/printerSettings
2025-02-18 08:16:57 DEBUG PackageRelationshipCollection:307 - Parsing relationship: /xl/_rels/workbook.xml.rels
2025-02-18 08:16:57 DEBUG PackageRelationshipCollection:307 - Parsing relationship: /xl/worksheets/_rels/sheet1.xml.rels
2025-02-18 08:16:57 DEBUG PackageRelationshipCollection:307 - Parsing relationship: /_rels/.rels
2025-02-18 08:16:57 DEBUG POIXMLFactory:65 - using default POIXMLDocumentPart for http://schemas.openxmlformats.org/officeDocument/2006/relationships/printerSettings
2025-02-18 08:16:57 DEBUG PackageRelationshipCollection:307 - Parsing relationship: /xl/_rels/workbook.xml.rels
2025-02-18 08:16:57 DEBUG PackageRelationshipCollection:307 - Parsing relationship: /xl/worksheets/_rels/sheet1.xml.rels
2025-02-18 08:16:57 DEBUG PackageRelationshipCollection:307 - Parsing relationship: /_rels/.rels
2025-02-18 08:16:57 DEBUG POIXMLFactory:65 - using default POIXMLDocumentPart for http://schemas.openxmlformats.org/officeDocument/2006/relationships/printerSettings
2025-02-18 08:16:57 DEBUG PackageRelationshipCollection:307 - Parsing relationship: /xl/_rels/workbook.xml.rels
2025-02-18 08:16:57 DEBUG PackageRelationshipCollection:307 - Parsing relationship: /xl/worksheets/_rels/sheet1.xml.rels
2025-02-18 08:16:57 DEBUG PackageRelationshipCollection:307 - Parsing relationship: /_rels/.rels
2025-02-18 08:16:57 DEBUG POIXMLFactory:65 - using default POIXMLDocumentPart for http://schemas.openxmlformats.org/officeDocument/2006/relationships/printerSettings
2025-02-18 08:16:57 DEBUG PackageRelationshipCollection:307 - Parsing relationship: /xl/_rels/workbook.xml.rels
2025-02-18 08:16:57 DEBUG PackageRelationshipCollection:307 - Parsing relationship: /xl/worksheets/_rels/sheet1.xml.rels
2025-02-18 08:16:57 DEBUG PackageRelationshipCollection:307 - Parsing relationship: /_rels/.rels
2025-02-18 08:16:57 DEBUG POIXMLFactory:65 - using default POIXMLDocumentPart for http://schemas.openxmlformats.org/officeDocument/2006/relationships/printerSettings
2025-02-18 08:16:57 INFO  TC02_Login:23 - Starting test: testLogin with Email: goodmorning@gmail.com and Password: test@1234
2025-02-18 08:16:57 DEBUG TC02_Login:31 - Navigating to HomePage
2025-02-18 08:16:58 INFO  BaseClass:124 - Successfully launched application URL: https://tutorialsninja.com/demo/
2025-02-18 08:16:58 INFO  TC05_AddAnItemToWishList:19 - Starting test: testAddToWishList
2025-02-18 08:16:58 DEBUG TC05_AddAnItemToWishList:27 - Navigating to HomePage and selecting Laptops & Notebooks category.
2025-02-18 08:16:59 DEBUG TC02_Login:36 - Entering login credentials.
2025-02-18 08:16:59 DEBUG TC05_AddAnItemToWishList:31 - Selecting a product from the category.
2025-02-18 08:17:00 DEBUG BaseClass:116 - WebDriver instance set successfully.
2025-02-18 08:17:01 DEBUG TC05_AddAnItemToWishList:35 - Adding product to the wishlist.
2025-02-18 08:17:01 DEBUG TC05_AddAnItemToWishList:39 - Verifying success message for adding to wishlist.
2025-02-18 08:17:01 INFO  TC05_AddAnItemToWishList:41 - Wishlist success message status: true
2025-02-18 08:17:01 INFO  TC05_AddAnItemToWishList:45 - Product successfully added to wishlist.
2025-02-18 08:17:01 INFO  TC05_AddAnItemToWishList:56 - Test execution completed: testAddToWishList
2025-02-18 08:17:01 INFO  BaseClass:136 - Closing browser...
2025-02-18 08:17:02 DEBUG TC02_Login:42 - Verifying login success.
2025-02-18 08:17:02 INFO  TC02_Login:45 - Login success status: true
2025-02-18 08:17:02 INFO  TC02_Login:49 - Login verification passed.
2025-02-18 08:17:03 INFO  BaseClass:139 - Browser closed and WebDriver instance removed.
2025-02-18 08:17:03 INFO  BaseClass:46 - Starting Test Execution - OS: mac, Browser: edge
2025-02-18 08:17:03 DEBUG BaseClass:53 - Successfully loaded config.properties file.
2025-02-18 08:17:03 INFO  TC02_Login:54 - User logged out successfully.
2025-02-18 08:17:03 INFO  TC02_Login:66 - Test execution completed: testLogin
2025-02-18 08:17:03 INFO  TC02_Login:23 - Starting test: testLogin with Email: test121@test.com and Password: test123
2025-02-18 08:17:03 DEBUG TC02_Login:31 - Navigating to HomePage
2025-02-18 08:17:03 INFO  BaseClass:124 - Successfully launched application URL: https://tutorialsninja.com/demo/
2025-02-18 08:17:03 INFO  TC04_CompletePurchase:23 - Starting test: testCompletePurchase
2025-02-18 08:17:03 DEBUG TC04_CompletePurchase:31 - Navigating to HomePage and selecting Laptops & Notebooks category.
2025-02-18 08:17:04 DEBUG TC02_Login:36 - Entering login credentials.
2025-02-18 08:17:05 DEBUG TC04_CompletePurchase:35 - Selecting a product from the category.
2025-02-18 08:17:06 DEBUG TC04_CompletePurchase:39 - Setting up delivery date and adding product to cart.
2025-02-18 08:17:06 DEBUG TC02_Login:42 - Verifying login success.
2025-02-18 08:17:06 INFO  TC02_Login:45 - Login success status: true
2025-02-18 08:17:06 INFO  TC02_Login:49 - Login verification passed.
2025-02-18 08:17:07 DEBUG BaseClass:116 - WebDriver instance set successfully.
2025-02-18 08:17:07 DEBUG TC04_CompletePurchase:44 - Proceeding to checkout.
2025-02-18 08:17:07 INFO  TC02_Login:54 - User logged out successfully.
2025-02-18 08:17:07 INFO  TC02_Login:66 - Test execution completed: testLogin
2025-02-18 08:17:07 INFO  TC02_Login:23 - Starting test: testLogin with Email: sid@cloudberry.services and Password: Test123
2025-02-18 08:17:07 DEBUG TC02_Login:31 - Navigating to HomePage
2025-02-18 08:17:08 DEBUG TC04_CompletePurchase:47 - Logging in to complete purchase.
2025-02-18 08:17:09 DEBUG TC02_Login:36 - Entering login credentials.
2025-02-18 08:17:09 DEBUG TC04_CompletePurchase:53 - Completing checkout process.
2025-02-18 08:17:10 DEBUG TC02_Login:42 - Verifying login success.
2025-02-18 08:17:10 INFO  TC02_Login:45 - Login success status: true
2025-02-18 08:17:10 INFO  TC02_Login:49 - Login verification passed.
2025-02-18 08:17:10 INFO  BaseClass:124 - Successfully launched application URL: https://tutorialsninja.com/demo/
2025-02-18 08:17:10 INFO  TC04_CompletePurchase:23 - Starting test: testCompletePurchase
2025-02-18 08:17:10 DEBUG TC04_CompletePurchase:31 - Navigating to HomePage and selecting Laptops & Notebooks category.
2025-02-18 08:17:11 INFO  TC02_Login:54 - User logged out successfully.
2025-02-18 08:17:11 INFO  TC02_Login:66 - Test execution completed: testLogin
2025-02-18 08:17:11 INFO  TC02_Login:23 - Starting test: testLogin with Email: otisdog22@yahoo.com and Password: 1234QWERT
2025-02-18 08:17:11 DEBUG TC02_Login:31 - Navigating to HomePage
2025-02-18 08:17:11 DEBUG TC04_CompletePurchase:35 - Selecting a product from the category.
2025-02-18 08:17:13 DEBUG TC04_CompletePurchase:39 - Setting up delivery date and adding product to cart.
2025-02-18 08:17:13 DEBUG TC02_Login:36 - Entering login credentials.
2025-02-18 08:17:14 DEBUG TC04_CompletePurchase:44 - Proceeding to checkout.
2025-02-18 08:17:15 DEBUG TC02_Login:42 - Verifying login success.
2025-02-18 08:17:15 INFO  TC02_Login:45 - Login success status: true
2025-02-18 08:17:15 INFO  TC02_Login:49 - Login verification passed.
2025-02-18 08:17:16 DEBUG TC04_CompletePurchase:47 - Logging in to complete purchase.
2025-02-18 08:17:17 INFO  TC02_Login:54 - User logged out successfully.
2025-02-18 08:17:17 INFO  TC02_Login:66 - Test execution completed: testLogin
2025-02-18 08:17:17 INFO  TC02_Login:23 - Starting test: testLogin with Email: shalaka.dongre@gmail.com and Password: Test123!
2025-02-18 08:17:17 DEBUG TC02_Login:31 - Navigating to HomePage
2025-02-18 08:17:17 DEBUG TC04_CompletePurchase:53 - Completing checkout process.
2025-02-18 08:17:18 DEBUG TC02_Login:36 - Entering login credentials.
2025-02-18 08:17:20 DEBUG TC02_Login:42 - Verifying login success.
2025-02-18 08:17:20 INFO  TC02_Login:45 - Login success status: true
2025-02-18 08:17:20 INFO  TC02_Login:49 - Login verification passed.
2025-02-18 08:17:21 INFO  TC02_Login:54 - User logged out successfully.
2025-02-18 08:17:21 INFO  TC02_Login:66 - Test execution completed: testLogin
2025-02-18 08:17:21 INFO  BaseClass:136 - Closing browser...
2025-02-18 08:17:23 INFO  BaseClass:139 - Browser closed and WebDriver instance removed.
2025-02-18 08:17:23 INFO  BaseClass:46 - Starting Test Execution - OS: mac, Browser: firefox
2025-02-18 08:17:23 DEBUG BaseClass:53 - Successfully loaded config.properties file.
2025-02-18 08:17:29 DEBUG BaseClass:116 - WebDriver instance set successfully.
2025-02-18 08:17:32 INFO  BaseClass:124 - Successfully launched application URL: https://tutorialsninja.com/demo/
2025-02-18 08:17:32 INFO  TC05_AddAnItemToWishList:19 - Starting test: testAddToWishList
2025-02-18 08:17:32 DEBUG TC05_AddAnItemToWishList:27 - Navigating to HomePage and selecting Laptops & Notebooks category.
2025-02-18 08:17:34 DEBUG TC05_AddAnItemToWishList:31 - Selecting a product from the category.
2025-02-18 08:17:35 DEBUG TC05_AddAnItemToWishList:35 - Adding product to the wishlist.
2025-02-18 08:17:35 DEBUG TC05_AddAnItemToWishList:39 - Verifying success message for adding to wishlist.
2025-02-18 08:17:36 INFO  TC05_AddAnItemToWishList:41 - Wishlist success message status: true
2025-02-18 08:17:36 INFO  TC05_AddAnItemToWishList:45 - Product successfully added to wishlist.
2025-02-18 08:17:36 INFO  TC05_AddAnItemToWishList:56 - Test execution completed: testAddToWishList
2025-02-18 08:17:36 INFO  BaseClass:136 - Closing browser...
2025-02-18 08:17:37 INFO  BaseClass:139 - Browser closed and WebDriver instance removed.
2025-02-18 08:17:37 INFO  BaseClass:46 - Starting Test Execution - OS: mac, Browser: firefox
2025-02-18 08:17:37 DEBUG BaseClass:53 - Successfully loaded config.properties file.
2025-02-18 08:17:42 DEBUG BaseClass:116 - WebDriver instance set successfully.
2025-02-18 08:17:45 INFO  BaseClass:124 - Successfully launched application URL: https://tutorialsninja.com/demo/
2025-02-18 08:17:45 INFO  TC04_CompletePurchase:23 - Starting test: testCompletePurchase
2025-02-18 08:17:45 DEBUG TC04_CompletePurchase:31 - Navigating to HomePage and selecting Laptops & Notebooks category.
2025-02-18 08:17:46 DEBUG TC04_CompletePurchase:35 - Selecting a product from the category.
2025-02-18 08:17:48 DEBUG TC04_CompletePurchase:39 - Setting up delivery date and adding product to cart.
2025-02-18 08:17:48 DEBUG TC04_CompletePurchase:44 - Proceeding to checkout.
2025-02-18 08:17:49 DEBUG TC04_CompletePurchase:47 - Logging in to complete purchase.
2025-02-18 08:17:50 DEBUG TC04_CompletePurchase:53 - Completing checkout process.
2025-02-18 08:18:17 DEBUG TC04_CompletePurchase:57 - Verifying order confirmation.
2025-02-18 08:18:19 INFO  TC04_CompletePurchase:60 - Order confirmation status: true
2025-02-18 08:18:19 INFO  TC04_CompletePurchase:64 - Order successfully confirmed.
2025-02-18 08:18:19 INFO  TC04_CompletePurchase:75 - Test execution completed: testCompletePurchase
2025-02-18 08:18:19 INFO  BaseClass:136 - Closing browser...
2025-02-18 08:18:20 INFO  BaseClass:139 - Browser closed and WebDriver instance removed.
2025-02-18 08:18:24 DEBUG TC04_CompletePurchase:57 - Verifying order confirmation.
2025-02-18 08:18:25 INFO  TC04_CompletePurchase:60 - Order confirmation status: true
2025-02-18 08:18:25 INFO  TC04_CompletePurchase:64 - Order successfully confirmed.
2025-02-18 08:18:25 INFO  TC04_CompletePurchase:75 - Test execution completed: testCompletePurchase
2025-02-18 08:18:25 INFO  BaseClass:136 - Closing browser...
2025-02-18 08:18:26 INFO  BaseClass:139 - Browser closed and WebDriver instance removed.
2025-02-18 08:18:57 DEBUG TC04_CompletePurchase:57 - Verifying order confirmation.
2025-02-18 08:18:58 INFO  TC04_CompletePurchase:60 - Order confirmation status: true
2025-02-18 08:18:58 INFO  TC04_CompletePurchase:64 - Order successfully confirmed.
2025-02-18 08:18:58 INFO  TC04_CompletePurchase:75 - Test execution completed: testCompletePurchase
2025-02-18 08:18:58 INFO  BaseClass:136 - Closing browser...
2025-02-18 08:18:59 INFO  BaseClass:139 - Browser closed and WebDriver instance removed.
2025-02-18 11:44:33 DEBUG TestNG:82 - suiteXmlPath: "/Users/kavitha/Downloads/NinjaV6/testng.xml"
2025-02-18 11:44:34 INFO  BaseClass:46 - Starting Test Execution - OS: mac, Browser: chrome
2025-02-18 11:44:34 DEBUG BaseClass:53 - Successfully loaded config.properties file.
2025-02-18 11:44:34 INFO  BaseClass:46 - Starting Test Execution - OS: mac, Browser: firefox
2025-02-18 11:44:34 DEBUG BaseClass:53 - Successfully loaded config.properties file.
2025-02-18 11:44:34 INFO  BaseClass:46 - Starting Test Execution - OS: mac, Browser: edge
2025-02-18 11:44:34 DEBUG BaseClass:53 - Successfully loaded config.properties file.
2025-02-18 11:44:43 DEBUG BaseClass:116 - WebDriver instance set successfully.
2025-02-18 11:44:45 DEBUG BaseClass:116 - WebDriver instance set successfully.
2025-02-18 11:44:48 INFO  BaseClass:124 - Successfully launched application URL: https://tutorialsninja.com/demo/
2025-02-18 11:44:48 INFO  TC01_LaunchApplication:18 - Starting test: testLaunchApplication
2025-02-18 11:44:48 DEBUG TC01_LaunchApplication:26 - Navigating to HomePage
2025-02-18 11:44:48 DEBUG TC01_LaunchApplication:29 - Verifying homepage confirmation message.
2025-02-18 11:44:48 INFO  TC01_LaunchApplication:31 - Received homepage confirmation message: Qafox.com
2025-02-18 11:44:48 INFO  TC01_LaunchApplication:35 - Homepage confirmation message matched expected value.
2025-02-18 11:44:48 INFO  TC01_LaunchApplication:46 - Test execution completed: testLaunchApplication
2025-02-18 11:44:48 INFO  BaseClass:124 - Successfully launched application URL: https://tutorialsninja.com/demo/
2025-02-18 11:44:48 INFO  TC01_LaunchApplication:18 - Starting test: testLaunchApplication
2025-02-18 11:44:48 DEBUG TC01_LaunchApplication:26 - Navigating to HomePage
2025-02-18 11:44:48 DEBUG TC01_LaunchApplication:29 - Verifying homepage confirmation message.
2025-02-18 11:44:48 INFO  BaseClass:136 - Closing browser...
2025-02-18 11:44:49 INFO  TC01_LaunchApplication:31 - Received homepage confirmation message: Qafox.com
2025-02-18 11:44:49 INFO  TC01_LaunchApplication:35 - Homepage confirmation message matched expected value.
2025-02-18 11:44:49 INFO  TC01_LaunchApplication:46 - Test execution completed: testLaunchApplication
2025-02-18 11:44:49 INFO  BaseClass:136 - Closing browser...
2025-02-18 11:44:49 INFO  BaseClass:139 - Browser closed and WebDriver instance removed.
2025-02-18 11:44:49 INFO  BaseClass:46 - Starting Test Execution - OS: mac, Browser: chrome
2025-02-18 11:44:49 DEBUG BaseClass:53 - Successfully loaded config.properties file.
2025-02-18 11:44:50 INFO  BaseClass:139 - Browser closed and WebDriver instance removed.
2025-02-18 11:44:50 INFO  BaseClass:46 - Starting Test Execution - OS: mac, Browser: edge
2025-02-18 11:44:50 DEBUG BaseClass:53 - Successfully loaded config.properties file.
2025-02-18 11:44:52 DEBUG BaseClass:116 - WebDriver instance set successfully.
2025-02-18 11:44:55 DEBUG BaseClass:116 - WebDriver instance set successfully.
2025-02-18 11:44:56 INFO  BaseClass:124 - Successfully launched application URL: https://tutorialsninja.com/demo/
2025-02-18 11:44:56 INFO  TC06_PurchaseAGiftCertificate:18 - Starting test: testPurchaseAGiftCertificate
2025-02-18 11:44:56 DEBUG TC06_PurchaseAGiftCertificate:26 - Navigating to HomePage and clicking Gift Certificate link.
2025-02-18 11:44:57 DEBUG TC06_PurchaseAGiftCertificate:30 - Filling out gift certificate details.
2025-02-18 11:45:00 INFO  BaseClass:124 - Successfully launched application URL: https://tutorialsninja.com/demo/
2025-02-18 11:45:00 INFO  TC06_PurchaseAGiftCertificate:18 - Starting test: testPurchaseAGiftCertificate
2025-02-18 11:45:00 DEBUG TC06_PurchaseAGiftCertificate:26 - Navigating to HomePage and clicking Gift Certificate link.
2025-02-18 11:45:00 DEBUG TC06_PurchaseAGiftCertificate:38 - Verifying purchase confirmation message.
2025-02-18 11:45:00 INFO  TC06_PurchaseAGiftCertificate:40 - Purchase success message status: true
2025-02-18 11:45:00 INFO  TC06_PurchaseAGiftCertificate:44 - Gift certificate successfully purchased.
2025-02-18 11:45:00 INFO  TC06_PurchaseAGiftCertificate:55 - Test execution completed: testPurchaseAGiftCertificate
2025-02-18 11:45:00 INFO  BaseClass:136 - Closing browser...
2025-02-18 11:45:01 INFO  BaseClass:139 - Browser closed and WebDriver instance removed.
2025-02-18 11:45:01 INFO  BaseClass:46 - Starting Test Execution - OS: mac, Browser: chrome
2025-02-18 11:45:01 DEBUG BaseClass:53 - Successfully loaded config.properties file.
2025-02-18 11:45:01 DEBUG TC06_PurchaseAGiftCertificate:30 - Filling out gift certificate details.
2025-02-18 11:45:04 DEBUG TC06_PurchaseAGiftCertificate:38 - Verifying purchase confirmation message.
2025-02-18 11:45:04 INFO  TC06_PurchaseAGiftCertificate:40 - Purchase success message status: true
2025-02-18 11:45:04 INFO  TC06_PurchaseAGiftCertificate:44 - Gift certificate successfully purchased.
2025-02-18 11:45:04 INFO  TC06_PurchaseAGiftCertificate:55 - Test execution completed: testPurchaseAGiftCertificate
2025-02-18 11:45:04 INFO  BaseClass:136 - Closing browser...
2025-02-18 11:45:06 INFO  BaseClass:139 - Browser closed and WebDriver instance removed.
2025-02-18 11:45:06 INFO  BaseClass:46 - Starting Test Execution - OS: mac, Browser: edge
2025-02-18 11:45:06 DEBUG BaseClass:53 - Successfully loaded config.properties file.
2025-02-18 11:45:07 DEBUG BaseClass:116 - WebDriver instance set successfully.
2025-02-18 11:45:10 DEBUG BaseClass:116 - WebDriver instance set successfully.
2025-02-18 11:45:12 INFO  BaseClass:124 - Successfully launched application URL: https://tutorialsninja.com/demo/
2025-02-18 11:45:12 INFO  TC03_AddToCart:19 - Starting test: testAddToCart
2025-02-18 11:45:12 DEBUG TC03_AddToCart:27 - Navigating to HomePage and selecting Laptops & Notebooks category.
2025-02-18 11:45:13 DEBUG TC03_AddToCart:31 - Selecting a product from the category.
2025-02-18 11:45:14 INFO  BaseClass:124 - Successfully launched application URL: https://tutorialsninja.com/demo/
2025-02-18 11:45:14 INFO  TC03_AddToCart:19 - Starting test: testAddToCart
2025-02-18 11:45:14 DEBUG TC03_AddToCart:27 - Navigating to HomePage and selecting Laptops & Notebooks category.
2025-02-18 11:45:15 DEBUG TC03_AddToCart:35 - Setting up delivery date and adding product to cart.
2025-02-18 11:45:15 DEBUG TC03_AddToCart:40 - Validating success message.
2025-02-18 11:45:16 DEBUG TC03_AddToCart:31 - Selecting a product from the category.
2025-02-18 11:45:16 INFO  TC03_AddToCart:42 - Success message status: true
2025-02-18 11:45:16 INFO  TC03_AddToCart:46 - Product successfully added to cart.
2025-02-18 11:45:16 INFO  TC03_AddToCart:57 - Test execution completed: testAddToCart
2025-02-18 11:45:16 INFO  BaseClass:136 - Closing browser...
2025-02-18 11:45:16 INFO  BaseClass:139 - Browser closed and WebDriver instance removed.
2025-02-18 11:45:16 INFO  BaseClass:46 - Starting Test Execution - OS: mac, Browser: chrome
2025-02-18 11:45:16 DEBUG BaseClass:53 - Successfully loaded config.properties file.
2025-02-18 11:45:17 DEBUG TC03_AddToCart:35 - Setting up delivery date and adding product to cart.
2025-02-18 11:45:18 DEBUG TC03_AddToCart:40 - Validating success message.
2025-02-18 11:45:18 INFO  TC03_AddToCart:42 - Success message status: true
2025-02-18 11:45:18 INFO  TC03_AddToCart:46 - Product successfully added to cart.
2025-02-18 11:45:18 INFO  TC03_AddToCart:57 - Test execution completed: testAddToCart
2025-02-18 11:45:18 INFO  BaseClass:136 - Closing browser...
2025-02-18 11:45:20 INFO  BaseClass:139 - Browser closed and WebDriver instance removed.
2025-02-18 11:45:20 INFO  BaseClass:46 - Starting Test Execution - OS: mac, Browser: edge
2025-02-18 11:45:20 DEBUG BaseClass:53 - Successfully loaded config.properties file.
2025-02-18 11:45:20 DEBUG BaseClass:116 - WebDriver instance set successfully.
2025-02-18 11:45:23 INFO  BaseClass:124 - Successfully launched application URL: https://tutorialsninja.com/demo/
2025-02-18 11:45:24 DEBUG PackageRelationshipCollection:307 - Parsing relationship: /xl/_rels/workbook.xml.rels
2025-02-18 11:45:24 DEBUG PackageRelationshipCollection:307 - Parsing relationship: /xl/worksheets/_rels/sheet1.xml.rels
2025-02-18 11:45:24 DEBUG PackageRelationshipCollection:307 - Parsing relationship: /_rels/.rels
2025-02-18 11:45:24 DEBUG BaseClass:116 - WebDriver instance set successfully.
2025-02-18 11:45:25 DEBUG POIXMLFactory:65 - using default POIXMLDocumentPart for http://schemas.openxmlformats.org/officeDocument/2006/relationships/printerSettings
2025-02-18 11:45:25 DEBUG PackageRelationshipCollection:307 - Parsing relationship: /xl/_rels/workbook.xml.rels
2025-02-18 11:45:25 DEBUG PackageRelationshipCollection:307 - Parsing relationship: /xl/worksheets/_rels/sheet1.xml.rels
2025-02-18 11:45:25 DEBUG PackageRelationshipCollection:307 - Parsing relationship: /_rels/.rels
2025-02-18 11:45:25 DEBUG POIXMLFactory:65 - using default POIXMLDocumentPart for http://schemas.openxmlformats.org/officeDocument/2006/relationships/printerSettings
2025-02-18 11:45:25 DEBUG PackageRelationshipCollection:307 - Parsing relationship: /xl/_rels/workbook.xml.rels
2025-02-18 11:45:25 DEBUG PackageRelationshipCollection:307 - Parsing relationship: /xl/worksheets/_rels/sheet1.xml.rels
2025-02-18 11:45:25 DEBUG PackageRelationshipCollection:307 - Parsing relationship: /_rels/.rels
2025-02-18 11:45:25 DEBUG POIXMLFactory:65 - using default POIXMLDocumentPart for http://schemas.openxmlformats.org/officeDocument/2006/relationships/printerSettings
2025-02-18 11:45:25 DEBUG PackageRelationshipCollection:307 - Parsing relationship: /xl/_rels/workbook.xml.rels
2025-02-18 11:45:25 DEBUG PackageRelationshipCollection:307 - Parsing relationship: /xl/worksheets/_rels/sheet1.xml.rels
2025-02-18 11:45:25 DEBUG PackageRelationshipCollection:307 - Parsing relationship: /_rels/.rels
2025-02-18 11:45:25 DEBUG POIXMLFactory:65 - using default POIXMLDocumentPart for http://schemas.openxmlformats.org/officeDocument/2006/relationships/printerSettings
2025-02-18 11:45:25 DEBUG PackageRelationshipCollection:307 - Parsing relationship: /xl/_rels/workbook.xml.rels
2025-02-18 11:45:25 DEBUG PackageRelationshipCollection:307 - Parsing relationship: /xl/worksheets/_rels/sheet1.xml.rels
2025-02-18 11:45:25 DEBUG PackageRelationshipCollection:307 - Parsing relationship: /_rels/.rels
2025-02-18 11:45:25 DEBUG POIXMLFactory:65 - using default POIXMLDocumentPart for http://schemas.openxmlformats.org/officeDocument/2006/relationships/printerSettings
2025-02-18 11:45:25 DEBUG PackageRelationshipCollection:307 - Parsing relationship: /xl/_rels/workbook.xml.rels
2025-02-18 11:45:25 DEBUG PackageRelationshipCollection:307 - Parsing relationship: /xl/worksheets/_rels/sheet1.xml.rels
2025-02-18 11:45:25 DEBUG PackageRelationshipCollection:307 - Parsing relationship: /_rels/.rels
2025-02-18 11:45:25 DEBUG POIXMLFactory:65 - using default POIXMLDocumentPart for http://schemas.openxmlformats.org/officeDocument/2006/relationships/printerSettings
2025-02-18 11:45:25 DEBUG PackageRelationshipCollection:307 - Parsing relationship: /xl/_rels/workbook.xml.rels
2025-02-18 11:45:25 DEBUG PackageRelationshipCollection:307 - Parsing relationship: /xl/worksheets/_rels/sheet1.xml.rels
2025-02-18 11:45:25 DEBUG PackageRelationshipCollection:307 - Parsing relationship: /_rels/.rels
2025-02-18 11:45:25 DEBUG POIXMLFactory:65 - using default POIXMLDocumentPart for http://schemas.openxmlformats.org/officeDocument/2006/relationships/printerSettings
2025-02-18 11:45:25 DEBUG PackageRelationshipCollection:307 - Parsing relationship: /xl/_rels/workbook.xml.rels
2025-02-18 11:45:25 DEBUG PackageRelationshipCollection:307 - Parsing relationship: /xl/worksheets/_rels/sheet1.xml.rels
2025-02-18 11:45:25 DEBUG PackageRelationshipCollection:307 - Parsing relationship: /_rels/.rels
2025-02-18 11:45:25 DEBUG POIXMLFactory:65 - using default POIXMLDocumentPart for http://schemas.openxmlformats.org/officeDocument/2006/relationships/printerSettings
2025-02-18 11:45:25 DEBUG PackageRelationshipCollection:307 - Parsing relationship: /xl/_rels/workbook.xml.rels
2025-02-18 11:45:25 DEBUG PackageRelationshipCollection:307 - Parsing relationship: /xl/worksheets/_rels/sheet1.xml.rels
2025-02-18 11:45:25 DEBUG PackageRelationshipCollection:307 - Parsing relationship: /_rels/.rels
2025-02-18 11:45:25 DEBUG POIXMLFactory:65 - using default POIXMLDocumentPart for http://schemas.openxmlformats.org/officeDocument/2006/relationships/printerSettings
2025-02-18 11:45:25 DEBUG PackageRelationshipCollection:307 - Parsing relationship: /xl/_rels/workbook.xml.rels
2025-02-18 11:45:25 DEBUG PackageRelationshipCollection:307 - Parsing relationship: /xl/worksheets/_rels/sheet1.xml.rels
2025-02-18 11:45:25 DEBUG PackageRelationshipCollection:307 - Parsing relationship: /_rels/.rels
2025-02-18 11:45:25 DEBUG POIXMLFactory:65 - using default POIXMLDocumentPart for http://schemas.openxmlformats.org/officeDocument/2006/relationships/printerSettings
2025-02-18 11:45:25 DEBUG PackageRelationshipCollection:307 - Parsing relationship: /xl/_rels/workbook.xml.rels
2025-02-18 11:45:25 DEBUG PackageRelationshipCollection:307 - Parsing relationship: /xl/worksheets/_rels/sheet1.xml.rels
2025-02-18 11:45:25 DEBUG PackageRelationshipCollection:307 - Parsing relationship: /_rels/.rels
2025-02-18 11:45:25 DEBUG POIXMLFactory:65 - using default POIXMLDocumentPart for http://schemas.openxmlformats.org/officeDocument/2006/relationships/printerSettings
2025-02-18 11:45:25 DEBUG PackageRelationshipCollection:307 - Parsing relationship: /xl/_rels/workbook.xml.rels
2025-02-18 11:45:25 DEBUG PackageRelationshipCollection:307 - Parsing relationship: /xl/worksheets/_rels/sheet1.xml.rels
2025-02-18 11:45:25 DEBUG PackageRelationshipCollection:307 - Parsing relationship: /_rels/.rels
2025-02-18 11:45:25 DEBUG POIXMLFactory:65 - using default POIXMLDocumentPart for http://schemas.openxmlformats.org/officeDocument/2006/relationships/printerSettings
2025-02-18 11:45:25 INFO  TC02_Login:23 - Starting test: testLogin with Email: goodmorning@gmail.com and Password: test@1234
2025-02-18 11:45:25 DEBUG TC02_Login:31 - Navigating to HomePage
2025-02-18 11:45:26 DEBUG TC02_Login:36 - Entering login credentials.
2025-02-18 11:45:28 DEBUG TC02_Login:42 - Verifying login success.
2025-02-18 11:45:28 INFO  BaseClass:124 - Successfully launched application URL: https://tutorialsninja.com/demo/
2025-02-18 11:45:28 DEBUG PackageRelationshipCollection:307 - Parsing relationship: /xl/_rels/workbook.xml.rels
2025-02-18 11:45:28 DEBUG PackageRelationshipCollection:307 - Parsing relationship: /xl/worksheets/_rels/sheet1.xml.rels
2025-02-18 11:45:28 DEBUG PackageRelationshipCollection:307 - Parsing relationship: /_rels/.rels
2025-02-18 11:45:28 INFO  TC02_Login:45 - Login success status: true
2025-02-18 11:45:28 INFO  TC02_Login:49 - Login verification passed.
2025-02-18 11:45:28 DEBUG POIXMLFactory:65 - using default POIXMLDocumentPart for http://schemas.openxmlformats.org/officeDocument/2006/relationships/printerSettings
2025-02-18 11:45:28 DEBUG PackageRelationshipCollection:307 - Parsing relationship: /xl/_rels/workbook.xml.rels
2025-02-18 11:45:28 DEBUG PackageRelationshipCollection:307 - Parsing relationship: /xl/worksheets/_rels/sheet1.xml.rels
2025-02-18 11:45:28 DEBUG PackageRelationshipCollection:307 - Parsing relationship: /_rels/.rels
2025-02-18 11:45:28 DEBUG POIXMLFactory:65 - using default POIXMLDocumentPart for http://schemas.openxmlformats.org/officeDocument/2006/relationships/printerSettings
2025-02-18 11:45:28 DEBUG PackageRelationshipCollection:307 - Parsing relationship: /xl/_rels/workbook.xml.rels
2025-02-18 11:45:28 DEBUG PackageRelationshipCollection:307 - Parsing relationship: /xl/worksheets/_rels/sheet1.xml.rels
2025-02-18 11:45:28 DEBUG PackageRelationshipCollection:307 - Parsing relationship: /_rels/.rels
2025-02-18 11:45:28 DEBUG POIXMLFactory:65 - using default POIXMLDocumentPart for http://schemas.openxmlformats.org/officeDocument/2006/relationships/printerSettings
2025-02-18 11:45:28 DEBUG PackageRelationshipCollection:307 - Parsing relationship: /xl/_rels/workbook.xml.rels
2025-02-18 11:45:28 DEBUG PackageRelationshipCollection:307 - Parsing relationship: /xl/worksheets/_rels/sheet1.xml.rels
2025-02-18 11:45:28 DEBUG PackageRelationshipCollection:307 - Parsing relationship: /_rels/.rels
2025-02-18 11:45:28 DEBUG POIXMLFactory:65 - using default POIXMLDocumentPart for http://schemas.openxmlformats.org/officeDocument/2006/relationships/printerSettings
2025-02-18 11:45:28 DEBUG PackageRelationshipCollection:307 - Parsing relationship: /xl/_rels/workbook.xml.rels
2025-02-18 11:45:28 DEBUG PackageRelationshipCollection:307 - Parsing relationship: /xl/worksheets/_rels/sheet1.xml.rels
2025-02-18 11:45:28 DEBUG PackageRelationshipCollection:307 - Parsing relationship: /_rels/.rels
2025-02-18 11:45:28 DEBUG POIXMLFactory:65 - using default POIXMLDocumentPart for http://schemas.openxmlformats.org/officeDocument/2006/relationships/printerSettings
2025-02-18 11:45:28 DEBUG PackageRelationshipCollection:307 - Parsing relationship: /xl/_rels/workbook.xml.rels
2025-02-18 11:45:28 DEBUG PackageRelationshipCollection:307 - Parsing relationship: /xl/worksheets/_rels/sheet1.xml.rels
2025-02-18 11:45:28 DEBUG PackageRelationshipCollection:307 - Parsing relationship: /_rels/.rels
2025-02-18 11:45:28 DEBUG POIXMLFactory:65 - using default POIXMLDocumentPart for http://schemas.openxmlformats.org/officeDocument/2006/relationships/printerSettings
2025-02-18 11:45:28 DEBUG PackageRelationshipCollection:307 - Parsing relationship: /xl/_rels/workbook.xml.rels
2025-02-18 11:45:28 DEBUG PackageRelationshipCollection:307 - Parsing relationship: /xl/worksheets/_rels/sheet1.xml.rels
2025-02-18 11:45:28 DEBUG PackageRelationshipCollection:307 - Parsing relationship: /_rels/.rels
2025-02-18 11:45:28 DEBUG POIXMLFactory:65 - using default POIXMLDocumentPart for http://schemas.openxmlformats.org/officeDocument/2006/relationships/printerSettings
2025-02-18 11:45:28 DEBUG PackageRelationshipCollection:307 - Parsing relationship: /xl/_rels/workbook.xml.rels
2025-02-18 11:45:28 DEBUG PackageRelationshipCollection:307 - Parsing relationship: /xl/worksheets/_rels/sheet1.xml.rels
2025-02-18 11:45:28 DEBUG PackageRelationshipCollection:307 - Parsing relationship: /_rels/.rels
2025-02-18 11:45:28 DEBUG POIXMLFactory:65 - using default POIXMLDocumentPart for http://schemas.openxmlformats.org/officeDocument/2006/relationships/printerSettings
2025-02-18 11:45:28 DEBUG PackageRelationshipCollection:307 - Parsing relationship: /xl/_rels/workbook.xml.rels
2025-02-18 11:45:28 DEBUG PackageRelationshipCollection:307 - Parsing relationship: /xl/worksheets/_rels/sheet1.xml.rels
2025-02-18 11:45:28 DEBUG PackageRelationshipCollection:307 - Parsing relationship: /_rels/.rels
2025-02-18 11:45:28 DEBUG POIXMLFactory:65 - using default POIXMLDocumentPart for http://schemas.openxmlformats.org/officeDocument/2006/relationships/printerSettings
2025-02-18 11:45:28 DEBUG PackageRelationshipCollection:307 - Parsing relationship: /xl/_rels/workbook.xml.rels
2025-02-18 11:45:28 DEBUG PackageRelationshipCollection:307 - Parsing relationship: /xl/worksheets/_rels/sheet1.xml.rels
2025-02-18 11:45:28 DEBUG PackageRelationshipCollection:307 - Parsing relationship: /_rels/.rels
2025-02-18 11:45:28 DEBUG POIXMLFactory:65 - using default POIXMLDocumentPart for http://schemas.openxmlformats.org/officeDocument/2006/relationships/printerSettings
2025-02-18 11:45:28 DEBUG PackageRelationshipCollection:307 - Parsing relationship: /xl/_rels/workbook.xml.rels
2025-02-18 11:45:28 DEBUG PackageRelationshipCollection:307 - Parsing relationship: /xl/worksheets/_rels/sheet1.xml.rels
2025-02-18 11:45:28 DEBUG PackageRelationshipCollection:307 - Parsing relationship: /_rels/.rels
2025-02-18 11:45:28 DEBUG POIXMLFactory:65 - using default POIXMLDocumentPart for http://schemas.openxmlformats.org/officeDocument/2006/relationships/printerSettings
2025-02-18 11:45:28 DEBUG PackageRelationshipCollection:307 - Parsing relationship: /xl/_rels/workbook.xml.rels
2025-02-18 11:45:28 DEBUG PackageRelationshipCollection:307 - Parsing relationship: /xl/worksheets/_rels/sheet1.xml.rels
2025-02-18 11:45:28 DEBUG PackageRelationshipCollection:307 - Parsing relationship: /_rels/.rels
2025-02-18 11:45:28 DEBUG POIXMLFactory:65 - using default POIXMLDocumentPart for http://schemas.openxmlformats.org/officeDocument/2006/relationships/printerSettings
2025-02-18 11:45:28 INFO  TC02_Login:23 - Starting test: testLogin with Email: goodmorning@gmail.com and Password: test@1234
2025-02-18 11:45:28 DEBUG TC02_Login:31 - Navigating to HomePage
2025-02-18 11:45:29 INFO  TC02_Login:54 - User logged out successfully.
2025-02-18 11:45:29 INFO  TC02_Login:66 - Test execution completed: testLogin
2025-02-18 11:45:29 INFO  TC02_Login:23 - Starting test: testLogin with Email: test121@test.com and Password: test123
2025-02-18 11:45:29 DEBUG TC02_Login:31 - Navigating to HomePage
2025-02-18 11:45:29 DEBUG TC02_Login:36 - Entering login credentials.
2025-02-18 11:45:30 DEBUG TC02_Login:36 - Entering login credentials.
2025-02-18 11:45:31 DEBUG TC02_Login:42 - Verifying login success.
2025-02-18 11:45:31 INFO  TC02_Login:45 - Login success status: true
2025-02-18 11:45:31 INFO  TC02_Login:49 - Login verification passed.
2025-02-18 11:45:32 DEBUG TC02_Login:42 - Verifying login success.
2025-02-18 11:45:32 INFO  TC02_Login:45 - Login success status: true
2025-02-18 11:45:32 INFO  TC02_Login:49 - Login verification passed.
2025-02-18 11:45:33 INFO  TC02_Login:54 - User logged out successfully.
2025-02-18 11:45:33 INFO  TC02_Login:66 - Test execution completed: testLogin
2025-02-18 11:45:33 INFO  TC02_Login:23 - Starting test: testLogin with Email: sid@cloudberry.services and Password: Test123
2025-02-18 11:45:33 DEBUG TC02_Login:31 - Navigating to HomePage
2025-02-18 11:45:33 INFO  TC02_Login:54 - User logged out successfully.
2025-02-18 11:45:33 INFO  TC02_Login:66 - Test execution completed: testLogin
2025-02-18 11:45:33 INFO  TC02_Login:23 - Starting test: testLogin with Email: test121@test.com and Password: test123
2025-02-18 11:45:33 DEBUG TC02_Login:31 - Navigating to HomePage
2025-02-18 11:45:34 DEBUG TC02_Login:36 - Entering login credentials.
2025-02-18 11:45:34 DEBUG TC02_Login:36 - Entering login credentials.
2025-02-18 11:45:36 DEBUG TC02_Login:42 - Verifying login success.
2025-02-18 11:45:36 INFO  TC02_Login:45 - Login success status: true
2025-02-18 11:45:36 INFO  TC02_Login:49 - Login verification passed.
2025-02-18 11:45:36 DEBUG TC02_Login:42 - Verifying login success.
2025-02-18 11:45:36 INFO  TC02_Login:45 - Login success status: true
2025-02-18 11:45:36 INFO  TC02_Login:49 - Login verification passed.
2025-02-18 11:45:37 INFO  TC02_Login:54 - User logged out successfully.
2025-02-18 11:45:37 INFO  TC02_Login:66 - Test execution completed: testLogin
2025-02-18 11:45:37 INFO  TC02_Login:23 - Starting test: testLogin with Email: otisdog22@yahoo.com and Password: 1234QWERT
2025-02-18 11:45:37 DEBUG TC02_Login:31 - Navigating to HomePage
2025-02-18 11:45:37 INFO  TC02_Login:54 - User logged out successfully.
2025-02-18 11:45:37 INFO  TC02_Login:66 - Test execution completed: testLogin
2025-02-18 11:45:37 INFO  TC02_Login:23 - Starting test: testLogin with Email: sid@cloudberry.services and Password: Test123
2025-02-18 11:45:37 DEBUG TC02_Login:31 - Navigating to HomePage
2025-02-18 11:45:38 DEBUG TC02_Login:36 - Entering login credentials.
2025-02-18 11:45:38 DEBUG TC02_Login:36 - Entering login credentials.
2025-02-18 11:45:40 DEBUG TC02_Login:42 - Verifying login success.
2025-02-18 11:45:40 INFO  TC02_Login:45 - Login success status: true
2025-02-18 11:45:40 INFO  TC02_Login:49 - Login verification passed.
2025-02-18 11:45:40 DEBUG TC02_Login:42 - Verifying login success.
2025-02-18 11:45:40 INFO  TC02_Login:45 - Login success status: true
2025-02-18 11:45:40 INFO  TC02_Login:49 - Login verification passed.
2025-02-18 11:45:41 INFO  TC02_Login:54 - User logged out successfully.
2025-02-18 11:45:41 INFO  TC02_Login:66 - Test execution completed: testLogin
2025-02-18 11:45:41 INFO  TC02_Login:23 - Starting test: testLogin with Email: shalaka.dongre@gmail.com and Password: Test123!
2025-02-18 11:45:41 DEBUG TC02_Login:31 - Navigating to HomePage
2025-02-18 11:45:41 INFO  TC02_Login:54 - User logged out successfully.
2025-02-18 11:45:41 INFO  TC02_Login:66 - Test execution completed: testLogin
2025-02-18 11:45:41 INFO  TC02_Login:23 - Starting test: testLogin with Email: otisdog22@yahoo.com and Password: 1234QWERT
2025-02-18 11:45:41 DEBUG TC02_Login:31 - Navigating to HomePage
2025-02-18 11:45:42 DEBUG TC02_Login:36 - Entering login credentials.
2025-02-18 11:45:42 DEBUG TC02_Login:36 - Entering login credentials.
2025-02-18 11:45:43 DEBUG BaseClass:116 - WebDriver instance set successfully.
2025-02-18 11:45:44 DEBUG TC02_Login:42 - Verifying login success.
2025-02-18 11:45:44 INFO  TC02_Login:45 - Login success status: true
2025-02-18 11:45:44 INFO  TC02_Login:49 - Login verification passed.
2025-02-18 11:45:44 DEBUG TC02_Login:42 - Verifying login success.
2025-02-18 11:45:44 INFO  TC02_Login:45 - Login success status: true
2025-02-18 11:45:44 INFO  TC02_Login:49 - Login verification passed.
2025-02-18 11:45:45 INFO  TC02_Login:54 - User logged out successfully.
2025-02-18 11:45:45 INFO  TC02_Login:66 - Test execution completed: testLogin
2025-02-18 11:45:45 INFO  BaseClass:136 - Closing browser...
2025-02-18 11:45:45 INFO  BaseClass:139 - Browser closed and WebDriver instance removed.
2025-02-18 11:45:45 INFO  BaseClass:46 - Starting Test Execution - OS: mac, Browser: chrome
2025-02-18 11:45:45 DEBUG BaseClass:53 - Successfully loaded config.properties file.
2025-02-18 11:45:45 INFO  TC02_Login:54 - User logged out successfully.
2025-02-18 11:45:45 INFO  TC02_Login:66 - Test execution completed: testLogin
2025-02-18 11:45:45 INFO  TC02_Login:23 - Starting test: testLogin with Email: shalaka.dongre@gmail.com and Password: Test123!
2025-02-18 11:45:45 DEBUG TC02_Login:31 - Navigating to HomePage
2025-02-18 11:45:46 DEBUG TC02_Login:36 - Entering login credentials.
2025-02-18 11:45:47 INFO  BaseClass:124 - Successfully launched application URL: https://tutorialsninja.com/demo/
2025-02-18 11:45:47 INFO  TC01_LaunchApplication:18 - Starting test: testLaunchApplication
2025-02-18 11:45:47 DEBUG TC01_LaunchApplication:26 - Navigating to HomePage
2025-02-18 11:45:47 DEBUG TC01_LaunchApplication:29 - Verifying homepage confirmation message.
2025-02-18 11:45:47 INFO  TC01_LaunchApplication:31 - Received homepage confirmation message: Qafox.com
2025-02-18 11:45:47 INFO  TC01_LaunchApplication:35 - Homepage confirmation message matched expected value.
2025-02-18 11:45:47 INFO  TC01_LaunchApplication:46 - Test execution completed: testLaunchApplication
2025-02-18 11:45:47 INFO  BaseClass:136 - Closing browser...
2025-02-18 11:45:48 DEBUG TC02_Login:42 - Verifying login success.
2025-02-18 11:45:48 INFO  TC02_Login:45 - Login success status: true
2025-02-18 11:45:48 INFO  TC02_Login:49 - Login verification passed.
2025-02-18 11:45:49 INFO  TC02_Login:54 - User logged out successfully.
2025-02-18 11:45:49 INFO  TC02_Login:66 - Test execution completed: testLogin
2025-02-18 11:45:49 INFO  BaseClass:136 - Closing browser...
2025-02-18 11:45:50 DEBUG BaseClass:116 - WebDriver instance set successfully.
2025-02-18 11:45:50 INFO  BaseClass:139 - Browser closed and WebDriver instance removed.
2025-02-18 11:45:50 INFO  BaseClass:46 - Starting Test Execution - OS: mac, Browser: firefox
2025-02-18 11:45:50 DEBUG BaseClass:53 - Successfully loaded config.properties file.
2025-02-18 11:45:51 INFO  BaseClass:139 - Browser closed and WebDriver instance removed.
2025-02-18 11:45:51 INFO  BaseClass:46 - Starting Test Execution - OS: mac, Browser: edge
2025-02-18 11:45:51 DEBUG BaseClass:53 - Successfully loaded config.properties file.
2025-02-18 11:45:54 INFO  BaseClass:124 - Successfully launched application URL: https://tutorialsninja.com/demo/
2025-02-18 11:45:54 INFO  TC05_AddAnItemToWishList:19 - Starting test: testAddToWishList
2025-02-18 11:45:54 DEBUG TC05_AddAnItemToWishList:27 - Navigating to HomePage and selecting Laptops & Notebooks category.
2025-02-18 11:45:55 DEBUG TC05_AddAnItemToWishList:31 - Selecting a product from the category.
2025-02-18 11:45:55 DEBUG BaseClass:116 - WebDriver instance set successfully.
2025-02-18 11:45:56 DEBUG TC05_AddAnItemToWishList:35 - Adding product to the wishlist.
2025-02-18 11:45:56 DEBUG TC05_AddAnItemToWishList:39 - Verifying success message for adding to wishlist.
2025-02-18 11:45:57 INFO  TC05_AddAnItemToWishList:41 - Wishlist success message status: true
2025-02-18 11:45:57 INFO  TC05_AddAnItemToWishList:45 - Product successfully added to wishlist.
2025-02-18 11:45:57 INFO  TC05_AddAnItemToWishList:56 - Test execution completed: testAddToWishList
2025-02-18 11:45:57 INFO  BaseClass:136 - Closing browser...
2025-02-18 11:45:57 INFO  BaseClass:139 - Browser closed and WebDriver instance removed.
2025-02-18 11:45:57 INFO  BaseClass:46 - Starting Test Execution - OS: mac, Browser: chrome
2025-02-18 11:45:57 DEBUG BaseClass:53 - Successfully loaded config.properties file.
2025-02-18 11:45:58 INFO  BaseClass:124 - Successfully launched application URL: https://tutorialsninja.com/demo/
2025-02-18 11:45:58 INFO  TC05_AddAnItemToWishList:19 - Starting test: testAddToWishList
2025-02-18 11:45:58 DEBUG TC05_AddAnItemToWishList:27 - Navigating to HomePage and selecting Laptops & Notebooks category.
2025-02-18 11:45:59 DEBUG TC05_AddAnItemToWishList:31 - Selecting a product from the category.
2025-02-18 11:46:00 DEBUG TC05_AddAnItemToWishList:35 - Adding product to the wishlist.
2025-02-18 11:46:01 DEBUG TC05_AddAnItemToWishList:39 - Verifying success message for adding to wishlist.
2025-02-18 11:46:01 INFO  TC05_AddAnItemToWishList:41 - Wishlist success message status: true
2025-02-18 11:46:01 INFO  TC05_AddAnItemToWishList:45 - Product successfully added to wishlist.
2025-02-18 11:46:01 INFO  TC05_AddAnItemToWishList:56 - Test execution completed: testAddToWishList
2025-02-18 11:46:01 INFO  BaseClass:136 - Closing browser...
2025-02-18 11:46:02 DEBUG BaseClass:116 - WebDriver instance set successfully.
2025-02-18 11:46:02 DEBUG BaseClass:116 - WebDriver instance set successfully.
2025-02-18 11:46:02 INFO  BaseClass:139 - Browser closed and WebDriver instance removed.
2025-02-18 11:46:02 INFO  BaseClass:46 - Starting Test Execution - OS: mac, Browser: edge
2025-02-18 11:46:02 DEBUG BaseClass:53 - Successfully loaded config.properties file.
2025-02-18 11:46:05 INFO  BaseClass:124 - Successfully launched application URL: https://tutorialsninja.com/demo/
2025-02-18 11:46:05 INFO  TC06_PurchaseAGiftCertificate:18 - Starting test: testPurchaseAGiftCertificate
2025-02-18 11:46:05 DEBUG TC06_PurchaseAGiftCertificate:26 - Navigating to HomePage and clicking Gift Certificate link.
2025-02-18 11:46:05 INFO  BaseClass:124 - Successfully launched application URL: https://tutorialsninja.com/demo/
2025-02-18 11:46:05 INFO  TC04_CompletePurchase:23 - Starting test: testCompletePurchase
2025-02-18 11:46:05 DEBUG TC04_CompletePurchase:31 - Navigating to HomePage and selecting Laptops & Notebooks category.
2025-02-18 11:46:07 DEBUG TC04_CompletePurchase:35 - Selecting a product from the category.
2025-02-18 11:46:07 DEBUG TC06_PurchaseAGiftCertificate:30 - Filling out gift certificate details.
2025-02-18 11:46:08 DEBUG TC04_CompletePurchase:39 - Setting up delivery date and adding product to cart.
2025-02-18 11:46:09 DEBUG TC04_CompletePurchase:44 - Proceeding to checkout.
2025-02-18 11:46:09 DEBUG BaseClass:116 - WebDriver instance set successfully.
2025-02-18 11:46:10 DEBUG TC04_CompletePurchase:47 - Logging in to complete purchase.
2025-02-18 11:46:10 DEBUG TC06_PurchaseAGiftCertificate:38 - Verifying purchase confirmation message.
2025-02-18 11:46:10 INFO  TC06_PurchaseAGiftCertificate:40 - Purchase success message status: true
2025-02-18 11:46:10 INFO  TC06_PurchaseAGiftCertificate:44 - Gift certificate successfully purchased.
2025-02-18 11:46:10 INFO  TC06_PurchaseAGiftCertificate:55 - Test execution completed: testPurchaseAGiftCertificate
2025-02-18 11:46:10 INFO  BaseClass:136 - Closing browser...
2025-02-18 11:46:12 DEBUG TC04_CompletePurchase:53 - Completing checkout process.
2025-02-18 11:46:12 INFO  BaseClass:124 - Successfully launched application URL: https://tutorialsninja.com/demo/
2025-02-18 11:46:12 INFO  TC04_CompletePurchase:23 - Starting test: testCompletePurchase
2025-02-18 11:46:12 DEBUG TC04_CompletePurchase:31 - Navigating to HomePage and selecting Laptops & Notebooks category.
2025-02-18 11:46:13 INFO  BaseClass:139 - Browser closed and WebDriver instance removed.
2025-02-18 11:46:13 INFO  BaseClass:46 - Starting Test Execution - OS: mac, Browser: firefox
2025-02-18 11:46:13 DEBUG BaseClass:53 - Successfully loaded config.properties file.
2025-02-18 11:46:14 DEBUG TC04_CompletePurchase:35 - Selecting a product from the category.
2025-02-18 11:46:15 DEBUG TC04_CompletePurchase:39 - Setting up delivery date and adding product to cart.
2025-02-18 11:46:15 DEBUG TC04_CompletePurchase:44 - Proceeding to checkout.
2025-02-18 11:46:17 DEBUG TC04_CompletePurchase:47 - Logging in to complete purchase.
2025-02-18 11:46:18 DEBUG TC04_CompletePurchase:53 - Completing checkout process.
2025-02-18 11:46:24 DEBUG BaseClass:116 - WebDriver instance set successfully.
2025-02-18 11:46:28 INFO  BaseClass:124 - Successfully launched application URL: https://tutorialsninja.com/demo/
2025-02-18 11:46:28 INFO  TC03_AddToCart:19 - Starting test: testAddToCart
2025-02-18 11:46:28 DEBUG TC03_AddToCart:27 - Navigating to HomePage and selecting Laptops & Notebooks category.
2025-02-18 11:46:29 DEBUG TC03_AddToCart:31 - Selecting a product from the category.
2025-02-18 11:46:30 DEBUG TC03_AddToCart:35 - Setting up delivery date and adding product to cart.
2025-02-18 11:46:31 DEBUG TC03_AddToCart:40 - Validating success message.
2025-02-18 11:46:31 INFO  TC03_AddToCart:42 - Success message status: true
2025-02-18 11:46:31 INFO  TC03_AddToCart:46 - Product successfully added to cart.
2025-02-18 11:46:31 INFO  TC03_AddToCart:57 - Test execution completed: testAddToCart
2025-02-18 11:46:31 INFO  BaseClass:136 - Closing browser...
2025-02-18 11:46:32 INFO  BaseClass:139 - Browser closed and WebDriver instance removed.
2025-02-18 11:46:32 INFO  BaseClass:46 - Starting Test Execution - OS: mac, Browser: firefox
2025-02-18 11:46:32 DEBUG BaseClass:53 - Successfully loaded config.properties file.
2025-02-18 11:46:38 DEBUG BaseClass:116 - WebDriver instance set successfully.
2025-02-18 11:46:41 INFO  BaseClass:124 - Successfully launched application URL: https://tutorialsninja.com/demo/
2025-02-18 11:46:41 DEBUG PackageRelationshipCollection:307 - Parsing relationship: /xl/_rels/workbook.xml.rels
2025-02-18 11:46:41 DEBUG PackageRelationshipCollection:307 - Parsing relationship: /xl/worksheets/_rels/sheet1.xml.rels
2025-02-18 11:46:41 DEBUG PackageRelationshipCollection:307 - Parsing relationship: /_rels/.rels
2025-02-18 11:46:41 DEBUG POIXMLFactory:65 - using default POIXMLDocumentPart for http://schemas.openxmlformats.org/officeDocument/2006/relationships/printerSettings
2025-02-18 11:46:41 DEBUG PackageRelationshipCollection:307 - Parsing relationship: /xl/_rels/workbook.xml.rels
2025-02-18 11:46:41 DEBUG PackageRelationshipCollection:307 - Parsing relationship: /xl/worksheets/_rels/sheet1.xml.rels
2025-02-18 11:46:41 DEBUG PackageRelationshipCollection:307 - Parsing relationship: /_rels/.rels
2025-02-18 11:46:41 DEBUG POIXMLFactory:65 - using default POIXMLDocumentPart for http://schemas.openxmlformats.org/officeDocument/2006/relationships/printerSettings
2025-02-18 11:46:41 DEBUG PackageRelationshipCollection:307 - Parsing relationship: /xl/_rels/workbook.xml.rels
2025-02-18 11:46:41 DEBUG PackageRelationshipCollection:307 - Parsing relationship: /xl/worksheets/_rels/sheet1.xml.rels
2025-02-18 11:46:41 DEBUG PackageRelationshipCollection:307 - Parsing relationship: /_rels/.rels
2025-02-18 11:46:41 DEBUG POIXMLFactory:65 - using default POIXMLDocumentPart for http://schemas.openxmlformats.org/officeDocument/2006/relationships/printerSettings
2025-02-18 11:46:41 DEBUG PackageRelationshipCollection:307 - Parsing relationship: /xl/_rels/workbook.xml.rels
2025-02-18 11:46:41 DEBUG PackageRelationshipCollection:307 - Parsing relationship: /xl/worksheets/_rels/sheet1.xml.rels
2025-02-18 11:46:41 DEBUG PackageRelationshipCollection:307 - Parsing relationship: /_rels/.rels
2025-02-18 11:46:41 DEBUG POIXMLFactory:65 - using default POIXMLDocumentPart for http://schemas.openxmlformats.org/officeDocument/2006/relationships/printerSettings
2025-02-18 11:46:41 DEBUG PackageRelationshipCollection:307 - Parsing relationship: /xl/_rels/workbook.xml.rels
2025-02-18 11:46:41 DEBUG PackageRelationshipCollection:307 - Parsing relationship: /xl/worksheets/_rels/sheet1.xml.rels
2025-02-18 11:46:41 DEBUG PackageRelationshipCollection:307 - Parsing relationship: /_rels/.rels
2025-02-18 11:46:41 DEBUG POIXMLFactory:65 - using default POIXMLDocumentPart for http://schemas.openxmlformats.org/officeDocument/2006/relationships/printerSettings
2025-02-18 11:46:41 DEBUG PackageRelationshipCollection:307 - Parsing relationship: /xl/_rels/workbook.xml.rels
2025-02-18 11:46:41 DEBUG PackageRelationshipCollection:307 - Parsing relationship: /xl/worksheets/_rels/sheet1.xml.rels
2025-02-18 11:46:41 DEBUG PackageRelationshipCollection:307 - Parsing relationship: /_rels/.rels
2025-02-18 11:46:41 DEBUG POIXMLFactory:65 - using default POIXMLDocumentPart for http://schemas.openxmlformats.org/officeDocument/2006/relationships/printerSettings
2025-02-18 11:46:41 DEBUG PackageRelationshipCollection:307 - Parsing relationship: /xl/_rels/workbook.xml.rels
2025-02-18 11:46:41 DEBUG PackageRelationshipCollection:307 - Parsing relationship: /xl/worksheets/_rels/sheet1.xml.rels
2025-02-18 11:46:41 DEBUG PackageRelationshipCollection:307 - Parsing relationship: /_rels/.rels
2025-02-18 11:46:41 DEBUG POIXMLFactory:65 - using default POIXMLDocumentPart for http://schemas.openxmlformats.org/officeDocument/2006/relationships/printerSettings
2025-02-18 11:46:41 DEBUG PackageRelationshipCollection:307 - Parsing relationship: /xl/_rels/workbook.xml.rels
2025-02-18 11:46:41 DEBUG PackageRelationshipCollection:307 - Parsing relationship: /xl/worksheets/_rels/sheet1.xml.rels
2025-02-18 11:46:41 DEBUG PackageRelationshipCollection:307 - Parsing relationship: /_rels/.rels
2025-02-18 11:46:41 DEBUG POIXMLFactory:65 - using default POIXMLDocumentPart for http://schemas.openxmlformats.org/officeDocument/2006/relationships/printerSettings
2025-02-18 11:46:41 DEBUG PackageRelationshipCollection:307 - Parsing relationship: /xl/_rels/workbook.xml.rels
2025-02-18 11:46:41 DEBUG PackageRelationshipCollection:307 - Parsing relationship: /xl/worksheets/_rels/sheet1.xml.rels
2025-02-18 11:46:41 DEBUG PackageRelationshipCollection:307 - Parsing relationship: /_rels/.rels
2025-02-18 11:46:41 DEBUG POIXMLFactory:65 - using default POIXMLDocumentPart for http://schemas.openxmlformats.org/officeDocument/2006/relationships/printerSettings
2025-02-18 11:46:41 DEBUG PackageRelationshipCollection:307 - Parsing relationship: /xl/_rels/workbook.xml.rels
2025-02-18 11:46:41 DEBUG PackageRelationshipCollection:307 - Parsing relationship: /xl/worksheets/_rels/sheet1.xml.rels
2025-02-18 11:46:41 DEBUG PackageRelationshipCollection:307 - Parsing relationship: /_rels/.rels
2025-02-18 11:46:41 DEBUG POIXMLFactory:65 - using default POIXMLDocumentPart for http://schemas.openxmlformats.org/officeDocument/2006/relationships/printerSettings
2025-02-18 11:46:41 DEBUG PackageRelationshipCollection:307 - Parsing relationship: /xl/_rels/workbook.xml.rels
2025-02-18 11:46:41 DEBUG PackageRelationshipCollection:307 - Parsing relationship: /xl/worksheets/_rels/sheet1.xml.rels
2025-02-18 11:46:41 DEBUG PackageRelationshipCollection:307 - Parsing relationship: /_rels/.rels
2025-02-18 11:46:41 DEBUG POIXMLFactory:65 - using default POIXMLDocumentPart for http://schemas.openxmlformats.org/officeDocument/2006/relationships/printerSettings
2025-02-18 11:46:41 DEBUG PackageRelationshipCollection:307 - Parsing relationship: /xl/_rels/workbook.xml.rels
2025-02-18 11:46:41 DEBUG PackageRelationshipCollection:307 - Parsing relationship: /xl/worksheets/_rels/sheet1.xml.rels
2025-02-18 11:46:41 DEBUG PackageRelationshipCollection:307 - Parsing relationship: /_rels/.rels
2025-02-18 11:46:41 DEBUG POIXMLFactory:65 - using default POIXMLDocumentPart for http://schemas.openxmlformats.org/officeDocument/2006/relationships/printerSettings
2025-02-18 11:46:41 INFO  TC02_Login:23 - Starting test: testLogin with Email: goodmorning@gmail.com and Password: test@1234
2025-02-18 11:46:41 DEBUG TC02_Login:31 - Navigating to HomePage
2025-02-18 11:46:42 DEBUG TC02_Login:36 - Entering login credentials.
2025-02-18 11:46:43 DEBUG TC02_Login:42 - Verifying login success.
2025-02-18 11:46:43 INFO  TC02_Login:45 - Login success status: true
2025-02-18 11:46:43 INFO  TC02_Login:49 - Login verification passed.
2025-02-18 11:46:44 INFO  TC02_Login:54 - User logged out successfully.
2025-02-18 11:46:44 INFO  TC02_Login:66 - Test execution completed: testLogin
2025-02-18 11:46:44 INFO  TC02_Login:23 - Starting test: testLogin with Email: test121@test.com and Password: test123
2025-02-18 11:46:44 DEBUG TC02_Login:31 - Navigating to HomePage
2025-02-18 11:46:45 DEBUG TC02_Login:36 - Entering login credentials.
2025-02-18 11:46:47 DEBUG TC02_Login:42 - Verifying login success.
2025-02-18 11:46:47 INFO  TC02_Login:45 - Login success status: true
2025-02-18 11:46:47 INFO  TC02_Login:49 - Login verification passed.
2025-02-18 11:46:48 INFO  TC02_Login:54 - User logged out successfully.
2025-02-18 11:46:48 INFO  TC02_Login:66 - Test execution completed: testLogin
2025-02-18 11:46:48 INFO  TC02_Login:23 - Starting test: testLogin with Email: sid@cloudberry.services and Password: Test123
2025-02-18 11:46:48 DEBUG TC02_Login:31 - Navigating to HomePage
2025-02-18 11:46:48 DEBUG TC02_Login:36 - Entering login credentials.
2025-02-18 11:46:50 DEBUG TC02_Login:42 - Verifying login success.
2025-02-18 11:46:50 INFO  TC02_Login:45 - Login success status: true
2025-02-18 11:46:50 INFO  TC02_Login:49 - Login verification passed.
2025-02-18 11:46:51 INFO  TC02_Login:54 - User logged out successfully.
2025-02-18 11:46:51 INFO  TC02_Login:66 - Test execution completed: testLogin
2025-02-18 11:46:51 INFO  TC02_Login:23 - Starting test: testLogin with Email: otisdog22@yahoo.com and Password: 1234QWERT
2025-02-18 11:46:51 DEBUG TC02_Login:31 - Navigating to HomePage
2025-02-18 11:46:51 DEBUG TC02_Login:36 - Entering login credentials.
2025-02-18 11:46:53 DEBUG TC02_Login:42 - Verifying login success.
2025-02-18 11:46:53 INFO  TC02_Login:45 - Login success status: true
2025-02-18 11:46:53 INFO  TC02_Login:49 - Login verification passed.
2025-02-18 11:46:54 INFO  TC02_Login:54 - User logged out successfully.
2025-02-18 11:46:54 INFO  TC02_Login:66 - Test execution completed: testLogin
2025-02-18 11:46:54 INFO  TC02_Login:23 - Starting test: testLogin with Email: shalaka.dongre@gmail.com and Password: Test123!
2025-02-18 11:46:54 DEBUG TC02_Login:31 - Navigating to HomePage
2025-02-18 11:46:54 DEBUG TC02_Login:36 - Entering login credentials.
2025-02-18 11:46:56 DEBUG TC02_Login:42 - Verifying login success.
2025-02-18 11:46:56 INFO  TC02_Login:45 - Login success status: true
2025-02-18 11:46:56 INFO  TC02_Login:49 - Login verification passed.
2025-02-18 11:46:57 INFO  TC02_Login:54 - User logged out successfully.
2025-02-18 11:46:57 INFO  TC02_Login:66 - Test execution completed: testLogin
2025-02-18 11:46:57 INFO  BaseClass:136 - Closing browser...
2025-02-18 11:46:58 INFO  BaseClass:139 - Browser closed and WebDriver instance removed.
2025-02-18 11:46:58 INFO  BaseClass:46 - Starting Test Execution - OS: mac, Browser: firefox
2025-02-18 11:46:58 DEBUG BaseClass:53 - Successfully loaded config.properties file.
2025-02-18 11:47:04 DEBUG BaseClass:116 - WebDriver instance set successfully.
2025-02-18 11:47:07 INFO  BaseClass:124 - Successfully launched application URL: https://tutorialsninja.com/demo/
2025-02-18 11:47:07 INFO  TC05_AddAnItemToWishList:19 - Starting test: testAddToWishList
2025-02-18 11:47:07 DEBUG TC05_AddAnItemToWishList:27 - Navigating to HomePage and selecting Laptops & Notebooks category.
2025-02-18 11:47:08 DEBUG TC05_AddAnItemToWishList:31 - Selecting a product from the category.
2025-02-18 11:47:10 DEBUG TC05_AddAnItemToWishList:35 - Adding product to the wishlist.
2025-02-18 11:47:11 DEBUG TC05_AddAnItemToWishList:39 - Verifying success message for adding to wishlist.
2025-02-18 11:47:11 INFO  TC05_AddAnItemToWishList:41 - Wishlist success message status: true
2025-02-18 11:47:11 INFO  TC05_AddAnItemToWishList:45 - Product successfully added to wishlist.
2025-02-18 11:47:11 INFO  TC05_AddAnItemToWishList:56 - Test execution completed: testAddToWishList
2025-02-18 11:47:11 INFO  BaseClass:136 - Closing browser...
2025-02-18 11:47:13 INFO  BaseClass:139 - Browser closed and WebDriver instance removed.
2025-02-18 11:47:13 INFO  BaseClass:46 - Starting Test Execution - OS: mac, Browser: firefox
2025-02-18 11:47:13 DEBUG BaseClass:53 - Successfully loaded config.properties file.
2025-02-18 11:47:18 DEBUG BaseClass:116 - WebDriver instance set successfully.
2025-02-18 11:47:19 DEBUG TC04_CompletePurchase:57 - Verifying order confirmation.
2025-02-18 11:47:20 INFO  BaseClass:124 - Successfully launched application URL: https://tutorialsninja.com/demo/
2025-02-18 11:47:20 INFO  TC04_CompletePurchase:23 - Starting test: testCompletePurchase
2025-02-18 11:47:20 DEBUG TC04_CompletePurchase:31 - Navigating to HomePage and selecting Laptops & Notebooks category.
2025-02-18 11:47:21 INFO  TC04_CompletePurchase:60 - Order confirmation status: true
2025-02-18 11:47:21 INFO  TC04_CompletePurchase:64 - Order successfully confirmed.
2025-02-18 11:47:21 INFO  TC04_CompletePurchase:75 - Test execution completed: testCompletePurchase
2025-02-18 11:47:21 INFO  BaseClass:136 - Closing browser...
2025-02-18 11:47:21 INFO  BaseClass:139 - Browser closed and WebDriver instance removed.
2025-02-18 11:47:22 DEBUG TC04_CompletePurchase:35 - Selecting a product from the category.
2025-02-18 11:47:23 DEBUG TC04_CompletePurchase:39 - Setting up delivery date and adding product to cart.
2025-02-18 11:47:24 DEBUG TC04_CompletePurchase:44 - Proceeding to checkout.
2025-02-18 11:47:25 DEBUG TC04_CompletePurchase:47 - Logging in to complete purchase.
2025-02-18 11:47:25 DEBUG TC04_CompletePurchase:53 - Completing checkout process.
2025-02-18 11:47:25 DEBUG TC04_CompletePurchase:57 - Verifying order confirmation.
2025-02-18 11:47:27 INFO  TC04_CompletePurchase:60 - Order confirmation status: true
2025-02-18 11:47:27 INFO  TC04_CompletePurchase:64 - Order successfully confirmed.
2025-02-18 11:47:27 INFO  TC04_CompletePurchase:75 - Test execution completed: testCompletePurchase
2025-02-18 11:47:27 INFO  BaseClass:136 - Closing browser...
2025-02-18 11:47:28 INFO  BaseClass:139 - Browser closed and WebDriver instance removed.
2025-02-18 11:49:28 ERROR TC04_CompletePurchase:71 - Unexpected error occurred during test execution: Expected condition failed: waiting for element to be clickable: Proxy element for: DefaultElementLocator 'By.id: button-shipping-address' (tried for 10 second(s) with 500 milliseconds interval)
org.openqa.selenium.TimeoutException: Expected condition failed: waiting for element to be clickable: Proxy element for: DefaultElementLocator 'By.id: button-shipping-address' (tried for 10 second(s) with 500 milliseconds interval)
	at org.openqa.selenium.support.ui.WebDriverWait.timeoutException(WebDriverWait.java:84) ~[selenium-support-4.28.1.jar:?]
	at org.openqa.selenium.support.ui.FluentWait.until(FluentWait.java:228) ~[selenium-support-4.28.1.jar:?]
	at pageObjects.CheckoutPage.completeCheckout(CheckoutPage.java:45) ~[test-classes/:?]
	at testCases.TC04_CompletePurchase.testCompletePurchase(TC04_CompletePurchase.java:55) ~[test-classes/:?]
	at java.base/jdk.internal.reflect.NativeMethodAccessorImpl.invoke0(Native Method) ~[?:?]
	at java.base/jdk.internal.reflect.NativeMethodAccessorImpl.invoke(NativeMethodAccessorImpl.java:77) ~[?:?]
	at java.base/jdk.internal.reflect.DelegatingMethodAccessorImpl.invoke(DelegatingMethodAccessorImpl.java:43) ~[?:?]
	at java.base/java.lang.reflect.Method.invoke(Method.java:568) ~[?:?]
	at org.testng.internal.invokers.MethodInvocationHelper.invokeMethod(MethodInvocationHelper.java:141) ~[testng-7.10.2.jar:7.10.2]
	at org.testng.internal.invokers.TestInvoker.invokeMethod(TestInvoker.java:686) ~[testng-7.10.2.jar:7.10.2]
	at org.testng.internal.invokers.TestInvoker.invokeTestMethod(TestInvoker.java:230) ~[testng-7.10.2.jar:7.10.2]
	at org.testng.internal.invokers.MethodRunner.runInSequence(MethodRunner.java:63) ~[testng-7.10.2.jar:7.10.2]
	at org.testng.internal.invokers.TestInvoker$MethodInvocationAgent.invoke(TestInvoker.java:992) ~[testng-7.10.2.jar:7.10.2]
	at org.testng.internal.invokers.TestInvoker.invokeTestMethods(TestInvoker.java:203) ~[testng-7.10.2.jar:7.10.2]
	at org.testng.internal.invokers.TestMethodWorker.invokeTestMethods(TestMethodWorker.java:154) ~[testng-7.10.2.jar:7.10.2]
	at org.testng.internal.invokers.TestMethodWorker.run(TestMethodWorker.java:134) ~[testng-7.10.2.jar:7.10.2]
	at java.base/java.util.ArrayList.forEach(ArrayList.java:1511) ~[?:?]
	at org.testng.TestRunner.privateRun(TestRunner.java:739) ~[testng-7.10.2.jar:7.10.2]
	at org.testng.TestRunner.run(TestRunner.java:614) ~[testng-7.10.2.jar:7.10.2]
	at org.testng.SuiteRunner.runTest(SuiteRunner.java:421) ~[testng-7.10.2.jar:7.10.2]
	at org.testng.SuiteRunner$SuiteWorker.run(SuiteRunner.java:463) ~[testng-7.10.2.jar:7.10.2]
	at org.testng.internal.thread.ThreadUtil.lambda$execute$0(ThreadUtil.java:64) ~[testng-7.10.2.jar:7.10.2]
	at java.base/java.util.concurrent.FutureTask.run(FutureTask.java:264) [?:?]
	at java.base/java.util.concurrent.ThreadPoolExecutor.runWorker(ThreadPoolExecutor.java:1136) [?:?]
	at java.base/java.util.concurrent.ThreadPoolExecutor$Worker.run(ThreadPoolExecutor.java:635) [?:?]
	at java.base/java.lang.Thread.run(Thread.java:833) [?:?]
Caused by: org.openqa.selenium.NoSuchElementException: Unable to locate element: #button\-shipping\-address
For documentation on this error, please visit: https://www.selenium.dev/documentation/webdriver/troubleshooting/errors#no-such-element-exception
Build info: version: '4.28.1', revision: '73f5ad48a2'
System info: os.name: 'Mac OS X', os.arch: 'x86_64', os.version: '13.7.1', java.version: '17.0.7'
Driver info: org.openqa.selenium.remote.RemoteWebDriver
Command: [af6b6f3b-bdcc-454a-bd14-afb267474cf9, findElement {value=button-shipping-address, using=id}]
Capabilities {acceptInsecureCerts: true, browserName: firefox, browserVersion: 135.0.1, moz:accessibilityChecks: false, moz:buildID: 20250216192613, moz:debuggerAddress: 127.0.0.1:41591, moz:firefoxOptions: {binary: /Users/kavitha/.cache/selen..., prefs: {remote.active-protocols: 3}}, moz:geckodriverVersion: 0.35.0, moz:headless: false, moz:platformVersion: 22.6.0, moz:processID: 67706, moz:profile: /var/folders/0v/5ppm43qj50q..., moz:shutdownTimeout: 60000, moz:webdriverClick: true, moz:windowless: false, pageLoadStrategy: normal, platformName: mac, proxy: Proxy(), se:bidiEnabled: false, se:cdp: ws://192.168.1.164:4444/ses..., se:cdpVersion: 85.0, setWindowRect: true, strictFileInteractability: false, timeouts: {implicit: 0, pageLoad: 300000, script: 30000}, unhandledPromptBehavior: dismiss and notify, userAgent: Mozilla/5.0 (Macintosh; Int...}
Session ID: af6b6f3b-bdcc-454a-bd14-afb267474cf9
	at java.base/jdk.internal.reflect.NativeConstructorAccessorImpl.newInstance0(Native Method) ~[?:?]
	at java.base/jdk.internal.reflect.NativeConstructorAccessorImpl.newInstance(NativeConstructorAccessorImpl.java:77) ~[?:?]
	at java.base/jdk.internal.reflect.DelegatingConstructorAccessorImpl.newInstance(DelegatingConstructorAccessorImpl.java:45) ~[?:?]
	at java.base/java.lang.reflect.Constructor.newInstanceWithCaller(Constructor.java:499) ~[?:?]
	at java.base/java.lang.reflect.Constructor.newInstance(Constructor.java:480) ~[?:?]
	at org.openqa.selenium.remote.ErrorCodec.decode(ErrorCodec.java:167) ~[selenium-remote-driver-4.28.1.jar:?]
	at org.openqa.selenium.remote.codec.w3c.W3CHttpResponseCodec.decode(W3CHttpResponseCodec.java:138) ~[selenium-remote-driver-4.28.1.jar:?]
	at org.openqa.selenium.remote.codec.w3c.W3CHttpResponseCodec.decode(W3CHttpResponseCodec.java:50) ~[selenium-remote-driver-4.28.1.jar:?]
	at org.openqa.selenium.remote.HttpCommandExecutor.execute(HttpCommandExecutor.java:215) ~[selenium-remote-driver-4.28.1.jar:?]
	at org.openqa.selenium.remote.TracedCommandExecutor.execute(TracedCommandExecutor.java:53) ~[selenium-remote-driver-4.28.1.jar:?]
	at org.openqa.selenium.remote.RemoteWebDriver.execute(RemoteWebDriver.java:545) ~[selenium-remote-driver-4.28.1.jar:?]
	at org.openqa.selenium.remote.ElementLocation$ElementFinder$2.findElement(ElementLocation.java:165) ~[selenium-remote-driver-4.28.1.jar:?]
	at org.openqa.selenium.remote.ElementLocation.findElement(ElementLocation.java:59) ~[selenium-remote-driver-4.28.1.jar:?]
	at org.openqa.selenium.remote.RemoteWebDriver.findElement(RemoteWebDriver.java:368) ~[selenium-remote-driver-4.28.1.jar:?]
	at org.openqa.selenium.remote.RemoteWebDriver.findElement(RemoteWebDriver.java:362) ~[selenium-remote-driver-4.28.1.jar:?]
	at org.openqa.selenium.support.pagefactory.DefaultElementLocator.findElement(DefaultElementLocator.java:68) ~[selenium-support-4.28.1.jar:?]
	at org.openqa.selenium.support.pagefactory.internal.LocatingElementHandler.invoke(LocatingElementHandler.java:38) ~[selenium-support-4.28.1.jar:?]
	at jdk.proxy2/jdk.proxy2.$Proxy27.isDisplayed(Unknown Source) ~[?:?]
	at org.openqa.selenium.support.ui.ExpectedConditions.elementIfVisible(ExpectedConditions.java:304) ~[selenium-support-4.28.1.jar:?]
	at org.openqa.selenium.support.ui.ExpectedConditions$10.apply(ExpectedConditions.java:290) ~[selenium-support-4.28.1.jar:?]
	at org.openqa.selenium.support.ui.ExpectedConditions$10.apply(ExpectedConditions.java:287) ~[selenium-support-4.28.1.jar:?]
	at org.openqa.selenium.support.ui.ExpectedConditions$23.apply(ExpectedConditions.java:656) ~[selenium-support-4.28.1.jar:?]
	at org.openqa.selenium.support.ui.ExpectedConditions$23.apply(ExpectedConditions.java:652) ~[selenium-support-4.28.1.jar:?]
	at org.openqa.selenium.support.ui.FluentWait.until(FluentWait.java:203) ~[selenium-support-4.28.1.jar:?]
	... 24 more
2025-02-18 11:49:28 WARN  RetryAnalyzer:18 - Retrying test 'testCompletePurchase' (1 of 2)
2025-02-18 11:49:28 INFO  TC04_CompletePurchase:23 - Starting test: testCompletePurchase
2025-02-18 11:49:28 DEBUG TC04_CompletePurchase:31 - Navigating to HomePage and selecting Laptops & Notebooks category.
2025-02-18 11:49:30 DEBUG TC04_CompletePurchase:35 - Selecting a product from the category.
2025-02-18 11:49:30 DEBUG TC04_CompletePurchase:39 - Setting up delivery date and adding product to cart.
2025-02-18 11:49:31 DEBUG TC04_CompletePurchase:44 - Proceeding to checkout.
2025-02-18 11:49:32 DEBUG TC04_CompletePurchase:47 - Logging in to complete purchase.
2025-02-18 11:50:32 ERROR TC04_CompletePurchase:71 - Unexpected error occurred during test execution: Unable to locate element: //input[@id='input-email']
For documentation on this error, please visit: https://www.selenium.dev/documentation/webdriver/troubleshooting/errors#no-such-element-exception
Build info: version: '4.28.1', revision: '73f5ad48a2'
System info: os.name: 'Mac OS X', os.arch: 'x86_64', os.version: '13.7.1', java.version: '17.0.7'
Driver info: org.openqa.selenium.remote.RemoteWebDriver
Command: [af6b6f3b-bdcc-454a-bd14-afb267474cf9, findElement {value=//input[@id='input-email'], using=xpath}]
Capabilities {acceptInsecureCerts: true, browserName: firefox, browserVersion: 135.0.1, moz:accessibilityChecks: false, moz:buildID: 20250216192613, moz:debuggerAddress: 127.0.0.1:41591, moz:firefoxOptions: {binary: /Users/kavitha/.cache/selen..., prefs: {remote.active-protocols: 3}}, moz:geckodriverVersion: 0.35.0, moz:headless: false, moz:platformVersion: 22.6.0, moz:processID: 67706, moz:profile: /var/folders/0v/5ppm43qj50q..., moz:shutdownTimeout: 60000, moz:webdriverClick: true, moz:windowless: false, pageLoadStrategy: normal, platformName: mac, proxy: Proxy(), se:bidiEnabled: false, se:cdp: ws://192.168.1.164:4444/ses..., se:cdpVersion: 85.0, setWindowRect: true, strictFileInteractability: false, timeouts: {implicit: 0, pageLoad: 300000, script: 30000}, unhandledPromptBehavior: dismiss and notify, userAgent: Mozilla/5.0 (Macintosh; Int...}
Session ID: af6b6f3b-bdcc-454a-bd14-afb267474cf9
org.openqa.selenium.NoSuchElementException: Unable to locate element: //input[@id='input-email']
For documentation on this error, please visit: https://www.selenium.dev/documentation/webdriver/troubleshooting/errors#no-such-element-exception
Build info: version: '4.28.1', revision: '73f5ad48a2'
System info: os.name: 'Mac OS X', os.arch: 'x86_64', os.version: '13.7.1', java.version: '17.0.7'
Driver info: org.openqa.selenium.remote.RemoteWebDriver
Command: [af6b6f3b-bdcc-454a-bd14-afb267474cf9, findElement {value=//input[@id='input-email'], using=xpath}]
Capabilities {acceptInsecureCerts: true, browserName: firefox, browserVersion: 135.0.1, moz:accessibilityChecks: false, moz:buildID: 20250216192613, moz:debuggerAddress: 127.0.0.1:41591, moz:firefoxOptions: {binary: /Users/kavitha/.cache/selen..., prefs: {remote.active-protocols: 3}}, moz:geckodriverVersion: 0.35.0, moz:headless: false, moz:platformVersion: 22.6.0, moz:processID: 67706, moz:profile: /var/folders/0v/5ppm43qj50q..., moz:shutdownTimeout: 60000, moz:webdriverClick: true, moz:windowless: false, pageLoadStrategy: normal, platformName: mac, proxy: Proxy(), se:bidiEnabled: false, se:cdp: ws://192.168.1.164:4444/ses..., se:cdpVersion: 85.0, setWindowRect: true, strictFileInteractability: false, timeouts: {implicit: 0, pageLoad: 300000, script: 30000}, unhandledPromptBehavior: dismiss and notify, userAgent: Mozilla/5.0 (Macintosh; Int...}
Session ID: af6b6f3b-bdcc-454a-bd14-afb267474cf9
	at java.base/jdk.internal.reflect.NativeConstructorAccessorImpl.newInstance0(Native Method) ~[?:?]
	at java.base/jdk.internal.reflect.NativeConstructorAccessorImpl.newInstance(NativeConstructorAccessorImpl.java:77) ~[?:?]
	at java.base/jdk.internal.reflect.DelegatingConstructorAccessorImpl.newInstance(DelegatingConstructorAccessorImpl.java:45) ~[?:?]
	at java.base/java.lang.reflect.Constructor.newInstanceWithCaller(Constructor.java:499) ~[?:?]
	at java.base/java.lang.reflect.Constructor.newInstance(Constructor.java:480) ~[?:?]
	at org.openqa.selenium.remote.ErrorCodec.decode(ErrorCodec.java:167) ~[selenium-remote-driver-4.28.1.jar:?]
	at org.openqa.selenium.remote.codec.w3c.W3CHttpResponseCodec.decode(W3CHttpResponseCodec.java:138) ~[selenium-remote-driver-4.28.1.jar:?]
	at org.openqa.selenium.remote.codec.w3c.W3CHttpResponseCodec.decode(W3CHttpResponseCodec.java:50) ~[selenium-remote-driver-4.28.1.jar:?]
	at org.openqa.selenium.remote.HttpCommandExecutor.execute(HttpCommandExecutor.java:215) ~[selenium-remote-driver-4.28.1.jar:?]
	at org.openqa.selenium.remote.TracedCommandExecutor.execute(TracedCommandExecutor.java:53) ~[selenium-remote-driver-4.28.1.jar:?]
	at org.openqa.selenium.remote.RemoteWebDriver.execute(RemoteWebDriver.java:545) ~[selenium-remote-driver-4.28.1.jar:?]
	at org.openqa.selenium.remote.ElementLocation$ElementFinder$2.findElement(ElementLocation.java:165) ~[selenium-remote-driver-4.28.1.jar:?]
	at org.openqa.selenium.remote.ElementLocation.findElement(ElementLocation.java:59) ~[selenium-remote-driver-4.28.1.jar:?]
	at org.openqa.selenium.remote.RemoteWebDriver.findElement(RemoteWebDriver.java:368) ~[selenium-remote-driver-4.28.1.jar:?]
	at org.openqa.selenium.remote.RemoteWebDriver.findElement(RemoteWebDriver.java:362) ~[selenium-remote-driver-4.28.1.jar:?]
	at org.openqa.selenium.support.pagefactory.DefaultElementLocator.findElement(DefaultElementLocator.java:68) ~[selenium-support-4.28.1.jar:?]
	at org.openqa.selenium.support.pagefactory.internal.LocatingElementHandler.invoke(LocatingElementHandler.java:38) ~[selenium-support-4.28.1.jar:?]
	at jdk.proxy2/jdk.proxy2.$Proxy27.sendKeys(Unknown Source) ~[?:?]
	at pageObjects.LoginPage.setEmail(LoginPage.java:23) ~[test-classes/:?]
	at testCases.TC04_CompletePurchase.testCompletePurchase(TC04_CompletePurchase.java:49) ~[test-classes/:?]
	at java.base/jdk.internal.reflect.NativeMethodAccessorImpl.invoke0(Native Method) ~[?:?]
	at java.base/jdk.internal.reflect.NativeMethodAccessorImpl.invoke(NativeMethodAccessorImpl.java:77) ~[?:?]
	at java.base/jdk.internal.reflect.DelegatingMethodAccessorImpl.invoke(DelegatingMethodAccessorImpl.java:43) ~[?:?]
	at java.base/java.lang.reflect.Method.invoke(Method.java:568) ~[?:?]
	at org.testng.internal.invokers.MethodInvocationHelper.invokeMethod(MethodInvocationHelper.java:141) ~[testng-7.10.2.jar:7.10.2]
	at org.testng.internal.invokers.TestInvoker.invokeMethod(TestInvoker.java:686) ~[testng-7.10.2.jar:7.10.2]
	at org.testng.internal.invokers.TestInvoker.retryFailed(TestInvoker.java:269) ~[testng-7.10.2.jar:7.10.2]
	at org.testng.internal.invokers.MethodRunner.runInSequence(MethodRunner.java:76) ~[testng-7.10.2.jar:7.10.2]
	at org.testng.internal.invokers.TestInvoker$MethodInvocationAgent.invoke(TestInvoker.java:992) ~[testng-7.10.2.jar:7.10.2]
	at org.testng.internal.invokers.TestInvoker.invokeTestMethods(TestInvoker.java:203) ~[testng-7.10.2.jar:7.10.2]
	at org.testng.internal.invokers.TestMethodWorker.invokeTestMethods(TestMethodWorker.java:154) ~[testng-7.10.2.jar:7.10.2]
	at org.testng.internal.invokers.TestMethodWorker.run(TestMethodWorker.java:134) ~[testng-7.10.2.jar:7.10.2]
	at java.base/java.util.ArrayList.forEach(ArrayList.java:1511) ~[?:?]
	at org.testng.TestRunner.privateRun(TestRunner.java:739) ~[testng-7.10.2.jar:7.10.2]
	at org.testng.TestRunner.run(TestRunner.java:614) ~[testng-7.10.2.jar:7.10.2]
	at org.testng.SuiteRunner.runTest(SuiteRunner.java:421) ~[testng-7.10.2.jar:7.10.2]
	at org.testng.SuiteRunner$SuiteWorker.run(SuiteRunner.java:463) ~[testng-7.10.2.jar:7.10.2]
	at org.testng.internal.thread.ThreadUtil.lambda$execute$0(ThreadUtil.java:64) ~[testng-7.10.2.jar:7.10.2]
	at java.base/java.util.concurrent.FutureTask.run(FutureTask.java:264) [?:?]
	at java.base/java.util.concurrent.ThreadPoolExecutor.runWorker(ThreadPoolExecutor.java:1136) [?:?]
	at java.base/java.util.concurrent.ThreadPoolExecutor$Worker.run(ThreadPoolExecutor.java:635) [?:?]
	at java.base/java.lang.Thread.run(Thread.java:833) [?:?]
2025-02-18 11:50:32 WARN  RetryAnalyzer:18 - Retrying test 'testCompletePurchase' (2 of 2)
2025-02-18 11:50:32 INFO  TC04_CompletePurchase:23 - Starting test: testCompletePurchase
2025-02-18 11:50:32 DEBUG TC04_CompletePurchase:31 - Navigating to HomePage and selecting Laptops & Notebooks category.
2025-02-18 11:50:33 DEBUG TC04_CompletePurchase:35 - Selecting a product from the category.
2025-02-18 11:50:33 ERROR TC04_CompletePurchase:71 - Unexpected error occurred during test execution: Element <a href="https://tutorialsninja.com/demo/index.php?route=product/product&product_id=47"> could not be scrolled into view
Build info: version: '4.28.1', revision: '73f5ad48a2'
System info: os.name: 'Mac OS X', os.arch: 'x86_64', os.version: '13.7.1', java.version: '17.0.7'
Driver info: org.openqa.selenium.remote.RemoteWebDriver
Command: [af6b6f3b-bdcc-454a-bd14-afb267474cf9, clickElement {id=962e6212-391d-4120-abd9-96c279e1920a}]
Capabilities {acceptInsecureCerts: true, browserName: firefox, browserVersion: 135.0.1, moz:accessibilityChecks: false, moz:buildID: 20250216192613, moz:debuggerAddress: 127.0.0.1:41591, moz:firefoxOptions: {binary: /Users/kavitha/.cache/selen..., prefs: {remote.active-protocols: 3}}, moz:geckodriverVersion: 0.35.0, moz:headless: false, moz:platformVersion: 22.6.0, moz:processID: 67706, moz:profile: /var/folders/0v/5ppm43qj50q..., moz:shutdownTimeout: 60000, moz:webdriverClick: true, moz:windowless: false, pageLoadStrategy: normal, platformName: mac, proxy: Proxy(), se:bidiEnabled: false, se:cdp: ws://192.168.1.164:4444/ses..., se:cdpVersion: 85.0, setWindowRect: true, strictFileInteractability: false, timeouts: {implicit: 0, pageLoad: 300000, script: 30000}, unhandledPromptBehavior: dismiss and notify, userAgent: Mozilla/5.0 (Macintosh; Int...}
Element: [[RemoteWebDriver: firefox on mac (af6b6f3b-bdcc-454a-bd14-afb267474cf9)] -> xpath: //a[normalize-space()='HP LP3065']]
Session ID: af6b6f3b-bdcc-454a-bd14-afb267474cf9
org.openqa.selenium.ElementNotInteractableException: Element <a href="https://tutorialsninja.com/demo/index.php?route=product/product&product_id=47"> could not be scrolled into view
Build info: version: '4.28.1', revision: '73f5ad48a2'
System info: os.name: 'Mac OS X', os.arch: 'x86_64', os.version: '13.7.1', java.version: '17.0.7'
Driver info: org.openqa.selenium.remote.RemoteWebDriver
Command: [af6b6f3b-bdcc-454a-bd14-afb267474cf9, clickElement {id=962e6212-391d-4120-abd9-96c279e1920a}]
Capabilities {acceptInsecureCerts: true, browserName: firefox, browserVersion: 135.0.1, moz:accessibilityChecks: false, moz:buildID: 20250216192613, moz:debuggerAddress: 127.0.0.1:41591, moz:firefoxOptions: {binary: /Users/kavitha/.cache/selen..., prefs: {remote.active-protocols: 3}}, moz:geckodriverVersion: 0.35.0, moz:headless: false, moz:platformVersion: 22.6.0, moz:processID: 67706, moz:profile: /var/folders/0v/5ppm43qj50q..., moz:shutdownTimeout: 60000, moz:webdriverClick: true, moz:windowless: false, pageLoadStrategy: normal, platformName: mac, proxy: Proxy(), se:bidiEnabled: false, se:cdp: ws://192.168.1.164:4444/ses..., se:cdpVersion: 85.0, setWindowRect: true, strictFileInteractability: false, timeouts: {implicit: 0, pageLoad: 300000, script: 30000}, unhandledPromptBehavior: dismiss and notify, userAgent: Mozilla/5.0 (Macintosh; Int...}
Element: [[RemoteWebDriver: firefox on mac (af6b6f3b-bdcc-454a-bd14-afb267474cf9)] -> xpath: //a[normalize-space()='HP LP3065']]
Session ID: af6b6f3b-bdcc-454a-bd14-afb267474cf9
	at java.base/jdk.internal.reflect.NativeConstructorAccessorImpl.newInstance0(Native Method) ~[?:?]
	at java.base/jdk.internal.reflect.NativeConstructorAccessorImpl.newInstance(NativeConstructorAccessorImpl.java:77) ~[?:?]
	at java.base/jdk.internal.reflect.DelegatingConstructorAccessorImpl.newInstance(DelegatingConstructorAccessorImpl.java:45) ~[?:?]
	at java.base/java.lang.reflect.Constructor.newInstanceWithCaller(Constructor.java:499) ~[?:?]
	at java.base/java.lang.reflect.Constructor.newInstance(Constructor.java:480) ~[?:?]
	at org.openqa.selenium.remote.ErrorCodec.decode(ErrorCodec.java:167) ~[selenium-remote-driver-4.28.1.jar:?]
	at org.openqa.selenium.remote.codec.w3c.W3CHttpResponseCodec.decode(W3CHttpResponseCodec.java:138) ~[selenium-remote-driver-4.28.1.jar:?]
	at org.openqa.selenium.remote.codec.w3c.W3CHttpResponseCodec.decode(W3CHttpResponseCodec.java:50) ~[selenium-remote-driver-4.28.1.jar:?]
	at org.openqa.selenium.remote.HttpCommandExecutor.execute(HttpCommandExecutor.java:215) ~[selenium-remote-driver-4.28.1.jar:?]
	at org.openqa.selenium.remote.TracedCommandExecutor.execute(TracedCommandExecutor.java:53) ~[selenium-remote-driver-4.28.1.jar:?]
	at org.openqa.selenium.remote.RemoteWebDriver.execute(RemoteWebDriver.java:545) ~[selenium-remote-driver-4.28.1.jar:?]
	at org.openqa.selenium.remote.RemoteWebElement.execute(RemoteWebElement.java:223) ~[selenium-remote-driver-4.28.1.jar:?]
	at org.openqa.selenium.remote.RemoteWebElement.click(RemoteWebElement.java:76) ~[selenium-remote-driver-4.28.1.jar:?]
	at jdk.internal.reflect.GeneratedMethodAccessor1.invoke(Unknown Source) ~[?:?]
	at java.base/jdk.internal.reflect.DelegatingMethodAccessorImpl.invoke(DelegatingMethodAccessorImpl.java:43) ~[?:?]
	at java.base/java.lang.reflect.Method.invoke(Method.java:568) ~[?:?]
	at org.openqa.selenium.support.pagefactory.internal.LocatingElementHandler.invoke(LocatingElementHandler.java:51) ~[selenium-support-4.28.1.jar:?]
	at jdk.proxy2/jdk.proxy2.$Proxy27.click(Unknown Source) ~[?:?]
	at pageObjects.CategoryPage.selectProduct(CategoryPage.java:17) ~[test-classes/:?]
	at testCases.TC04_CompletePurchase.testCompletePurchase(TC04_CompletePurchase.java:37) ~[test-classes/:?]
	at java.base/jdk.internal.reflect.NativeMethodAccessorImpl.invoke0(Native Method) ~[?:?]
	at java.base/jdk.internal.reflect.NativeMethodAccessorImpl.invoke(NativeMethodAccessorImpl.java:77) ~[?:?]
	at java.base/jdk.internal.reflect.DelegatingMethodAccessorImpl.invoke(DelegatingMethodAccessorImpl.java:43) ~[?:?]
	at java.base/java.lang.reflect.Method.invoke(Method.java:568) ~[?:?]
	at org.testng.internal.invokers.MethodInvocationHelper.invokeMethod(MethodInvocationHelper.java:141) ~[testng-7.10.2.jar:7.10.2]
	at org.testng.internal.invokers.TestInvoker.invokeMethod(TestInvoker.java:686) ~[testng-7.10.2.jar:7.10.2]
	at org.testng.internal.invokers.TestInvoker.retryFailed(TestInvoker.java:269) ~[testng-7.10.2.jar:7.10.2]
	at org.testng.internal.invokers.MethodRunner.runInSequence(MethodRunner.java:76) ~[testng-7.10.2.jar:7.10.2]
	at org.testng.internal.invokers.TestInvoker$MethodInvocationAgent.invoke(TestInvoker.java:992) ~[testng-7.10.2.jar:7.10.2]
	at org.testng.internal.invokers.TestInvoker.invokeTestMethods(TestInvoker.java:203) ~[testng-7.10.2.jar:7.10.2]
	at org.testng.internal.invokers.TestMethodWorker.invokeTestMethods(TestMethodWorker.java:154) ~[testng-7.10.2.jar:7.10.2]
	at org.testng.internal.invokers.TestMethodWorker.run(TestMethodWorker.java:134) ~[testng-7.10.2.jar:7.10.2]
	at java.base/java.util.ArrayList.forEach(ArrayList.java:1511) ~[?:?]
	at org.testng.TestRunner.privateRun(TestRunner.java:739) ~[testng-7.10.2.jar:7.10.2]
	at org.testng.TestRunner.run(TestRunner.java:614) ~[testng-7.10.2.jar:7.10.2]
	at org.testng.SuiteRunner.runTest(SuiteRunner.java:421) ~[testng-7.10.2.jar:7.10.2]
	at org.testng.SuiteRunner$SuiteWorker.run(SuiteRunner.java:463) ~[testng-7.10.2.jar:7.10.2]
	at org.testng.internal.thread.ThreadUtil.lambda$execute$0(ThreadUtil.java:64) ~[testng-7.10.2.jar:7.10.2]
	at java.base/java.util.concurrent.FutureTask.run(FutureTask.java:264) [?:?]
	at java.base/java.util.concurrent.ThreadPoolExecutor.runWorker(ThreadPoolExecutor.java:1136) [?:?]
	at java.base/java.util.concurrent.ThreadPoolExecutor$Worker.run(ThreadPoolExecutor.java:635) [?:?]
	at java.base/java.lang.Thread.run(Thread.java:833) [?:?]
2025-02-18 11:50:34 INFO  BaseClass:158 - Screenshot captured: /Users/kavitha/Downloads/NinjaV6//screenshots//testCompletePurchase_20250218115033.png
2025-02-18 11:50:34 INFO  BaseClass:136 - Closing browser...
2025-02-18 11:50:35 INFO  BaseClass:139 - Browser closed and WebDriver instance removed.
